1.000000e+02 1.020917e+02
9.921875e+01 3.437066e+02
9.843750e+01 2.978440e+03
9.765625e+01 7.734493e+03
9.687500e+01 1.018311e+04
9.609375e+01 1.024755e+04
9.531250e+01 1.029709e+04
9.453125e+01 1.033664e+04
9.375000e+01 1.036867e+04
9.296875e+01 1.039480e+04
9.218750e+01 1.041617e+04
9.140625e+01 1.043367e+04
9.062500e+01 1.044798e+04
8.984375e+01 1.045969e+04
8.906250e+01 1.046926e+04
8.828125e+01 1.047706e+04
8.750000e+01 1.048343e+04
8.671875e+01 1.048860e+04
8.593750e+01 1.049279e+04
8.515625e+01 1.049618e+04
8.437500e+01 1.050272e+04
8.125000e+01 1.050797e+04
7.500000e+01 1.051017e+04
6.250000e+01 1.050903e+04
5.000000e+01 1.050605e+04
3.750000e+01 1.050319e+04
2.500000e+01 1.050134e+04
1.875000e+01 1.050110e+04
1.562500e+01 1.050153e+04
1.250000e+01 1.050189e+04
9.375000e+00 1.049815e+04
6.250000e+00 1.050996e+04
5.468750e+00 1.056307e+04
4.687500e+00 1.059010e+04
3.906250e+00 1.069055e+04
3.125000e+00 1.083116e+04
2.343750e+00 8.747599e+03
1.562500e+00 3.332587e+03
0.000000e+00 1.130626e+02
