Grid file = n3_100/n3_100_des.grd, dessis plot file = n3_100/n3_100_100_des.dat
Number of vertices = 10181
detector dimensions = 25.000000 6.250000 100.000000 um 
enter the number of output grid points in each dim: nx[21], ny[21], nz[92]
(nx, ny, nz) = (21, 21, 92)
0 ind = 39, z = 0.000000e+00, evtx = 2.513359e+01 1.897048e-04 -1.020917e+02
1 ind = 51, z = 7.812500e-01, evtx = 1.368701e+01 -1.223160e+00 -3.437066e+02
2 ind = 44, z = 1.562500e+00, evtx = -8.793300e+01 -1.142990e+01 -2.978440e+03
3 ind = 56, z = 2.343750e+00, evtx = 1.552527e+02 -2.562579e+01 -7.734493e+03
4 ind = 41, z = 3.125000e+00, evtx = 3.491080e+02 4.329372e+00 -1.018311e+04
5 ind = 77, z = 3.906250e+00, evtx = 2.682912e+02 2.438194e+00 -1.024755e+04
6 ind = 72, z = 4.687500e+00, evtx = 2.098281e+02 1.538506e+00 -1.029709e+04
7 ind = 82, z = 5.468750e+00, evtx = 1.663741e+02 1.103837e+00 -1.033664e+04
8 ind = 69, z = 6.250000e+00, evtx = 1.332330e+02 8.680945e-01 -1.036867e+04
9 ind = 124, z = 7.031250e+00, evtx = 1.074361e+02 7.148876e-01 -1.039480e+04
10 ind = 119, z = 7.812500e+00, evtx = 8.705264e+01 5.980945e-01 -1.041617e+04
11 ind = 129, z = 8.593750e+00, evtx = 7.077522e+01 5.010728e-01 -1.043367e+04
12 ind = 116, z = 9.375000e+00, evtx = 5.768007e+01 4.182211e-01 -1.044798e+04
13 ind = 148, z = 1.015625e+01, evtx = 4.708921e+01 3.474807e-01 -1.045969e+04
14 ind = 143, z = 1.093750e+01, evtx = 3.848961e+01 2.876427e-01 -1.046926e+04
15 ind = 153, z = 1.171875e+01, evtx = 3.148425e+01 2.375631e-01 -1.047706e+04
16 ind = 140, z = 1.250000e+01, evtx = 2.576082e+01 1.960412e-01 -1.048343e+04
17 ind = 316, z = 1.328125e+01, evtx = 2.107083e+01 1.618776e-01 -1.048860e+04
18 ind = 311, z = 1.406250e+01, evtx = 1.721486e+01 1.339477e-01 -1.049279e+04
19 ind = 321, z = 1.484375e+01, evtx = 1.403175e+01 1.112478e-01 -1.049618e+04
20 ind = 308, z = 1.562500e+01, evtx = 1.087495e+01 -3.190975e-03 -1.050272e+04
21 ind = 332, z = 1.875000e+01, evtx = 5.557563e+00 -3.039651e-02 -1.050797e+04
22 ind = 345, z = 2.500000e+01, evtx = 1.470332e+00 4.391174e-02 -1.051017e+04
23 ind = 396, z = 3.750000e+01, evtx = 3.960497e-01 1.862720e-02 -1.050903e+04
24 ind = 408, z = 5.000000e+01, evtx = 2.948744e-01 1.555555e-02 -1.050605e+04
25 ind = 428, z = 6.250000e+01, evtx = 3.584371e-01 1.332706e-02 -1.050319e+04
26 ind = 440, z = 7.500000e+01, evtx = 6.248374e-01 3.296465e-02 -1.050134e+04
27 ind = 460, z = 8.125000e+01, evtx = 3.951284e-01 6.047636e-01 -1.050110e+04
28 ind = 469, z = 8.437500e+01, evtx = 2.267183e-01 2.836502e+00 -1.050153e+04
29 ind = 478, z = 8.750000e+01, evtx = -4.494990e-01 1.149014e+01 -1.050189e+04
30 ind = 567, z = 9.062500e+01, evtx = -1.482730e+00 4.813110e+01 -1.049815e+04
31 ind = 576, z = 9.375000e+01, evtx = -1.879138e+00 2.066203e+02 -1.050996e+04
32 ind = 629, z = 9.453125e+01, evtx = 6.306677e-01 3.250457e+02 -1.056307e+04
33 ind = 609, z = 9.531250e+01, evtx = -1.421453e+01 4.738006e+02 -1.059010e+04
34 ind = 662, z = 9.609375e+01, evtx = -2.959713e+01 6.867225e+02 -1.069055e+04
35 ind = 606, z = 9.687500e+01, evtx = -8.141292e+01 9.349573e+02 -1.083116e+04
36 ind = 833, z = 9.765625e+01, evtx = 5.490989e+00 1.072837e+03 -8.747599e+03
37 ind = 815, z = 9.843750e+01, evtx = 6.884958e+01 1.073302e+02 -3.332587e+03
38 ind = 811, z = 1.000000e+02, evtx = -2.928780e+02 5.389710e-02 -1.130626e+02
total Lorentz Drift = 30.123810, average efield = -10105.588814 
enter zmin (E = 0 for z>zmin) 
zmin = 0.000000 um
Grid file = n3_100/n3_100_des.grd, dessis plot file = n3_100/n3_100_100_des.dat
Number of vertices = 10181
detector dimensions = 25.000000 6.250000 100.000000 um 
enter the number of output grid points in each dim: nx[21], ny[21], nz[92]
(nx, ny, nz) = (21, 21, 92)
0 ind = 39, z = 0.000000e+00, evtx = 2.513359e+01 1.897048e-04 -1.020917e+02
1 ind = 51, z = 7.812500e-01, evtx = 1.368701e+01 -1.223160e+00 -3.437066e+02
2 ind = 44, z = 1.562500e+00, evtx = -8.793300e+01 -1.142990e+01 -2.978440e+03
3 ind = 56, z = 2.343750e+00, evtx = 1.552527e+02 -2.562579e+01 -7.734493e+03
4 ind = 41, z = 3.125000e+00, evtx = 3.491080e+02 4.329372e+00 -1.018311e+04
5 ind = 77, z = 3.906250e+00, evtx = 2.682912e+02 2.438194e+00 -1.024755e+04
6 ind = 72, z = 4.687500e+00, evtx = 2.098281e+02 1.538506e+00 -1.029709e+04
7 ind = 82, z = 5.468750e+00, evtx = 1.663741e+02 1.103837e+00 -1.033664e+04
8 ind = 69, z = 6.250000e+00, evtx = 1.332330e+02 8.680945e-01 -1.036867e+04
9 ind = 124, z = 7.031250e+00, evtx = 1.074361e+02 7.148876e-01 -1.039480e+04
10 ind = 119, z = 7.812500e+00, evtx = 8.705264e+01 5.980945e-01 -1.041617e+04
11 ind = 129, z = 8.593750e+00, evtx = 7.077522e+01 5.010728e-01 -1.043367e+04
12 ind = 116, z = 9.375000e+00, evtx = 5.768007e+01 4.182211e-01 -1.044798e+04
13 ind = 148, z = 1.015625e+01, evtx = 4.708921e+01 3.474807e-01 -1.045969e+04
14 ind = 143, z = 1.093750e+01, evtx = 3.848961e+01 2.876427e-01 -1.046926e+04
15 ind = 153, z = 1.171875e+01, evtx = 3.148425e+01 2.375631e-01 -1.047706e+04
16 ind = 140, z = 1.250000e+01, evtx = 2.576082e+01 1.960412e-01 -1.048343e+04
17 ind = 316, z = 1.328125e+01, evtx = 2.107083e+01 1.618776e-01 -1.048860e+04
18 ind = 311, z = 1.406250e+01, evtx = 1.721486e+01 1.339477e-01 -1.049279e+04
19 ind = 321, z = 1.484375e+01, evtx = 1.403175e+01 1.112478e-01 -1.049618e+04
20 ind = 308, z = 1.562500e+01, evtx = 1.087495e+01 -3.190975e-03 -1.050272e+04
21 ind = 332, z = 1.875000e+01, evtx = 5.557563e+00 -3.039651e-02 -1.050797e+04
22 ind = 345, z = 2.500000e+01, evtx = 1.470332e+00 4.391174e-02 -1.051017e+04
23 ind = 396, z = 3.750000e+01, evtx = 3.960497e-01 1.862720e-02 -1.050903e+04
24 ind = 408, z = 5.000000e+01, evtx = 2.948744e-01 1.555555e-02 -1.050605e+04
25 ind = 428, z = 6.250000e+01, evtx = 3.584371e-01 1.332706e-02 -1.050319e+04
26 ind = 440, z = 7.500000e+01, evtx = 6.248374e-01 3.296465e-02 -1.050134e+04
27 ind = 460, z = 8.125000e+01, evtx = 3.951284e-01 6.047636e-01 -1.050110e+04
28 ind = 469, z = 8.437500e+01, evtx = 2.267183e-01 2.836502e+00 -1.050153e+04
29 ind = 478, z = 8.750000e+01, evtx = -4.494990e-01 1.149014e+01 -1.050189e+04
30 ind = 567, z = 9.062500e+01, evtx = -1.482730e+00 4.813110e+01 -1.049815e+04
31 ind = 576, z = 9.375000e+01, evtx = -1.879138e+00 2.066203e+02 -1.050996e+04
32 ind = 629, z = 9.453125e+01, evtx = 6.306677e-01 3.250457e+02 -1.056307e+04
33 ind = 609, z = 9.531250e+01, evtx = -1.421453e+01 4.738006e+02 -1.059010e+04
34 ind = 662, z = 9.609375e+01, evtx = -2.959713e+01 6.867225e+02 -1.069055e+04
35 ind = 606, z = 9.687500e+01, evtx = -8.141292e+01 9.349573e+02 -1.083116e+04
36 ind = 833, z = 9.765625e+01, evtx = 5.490989e+00 1.072837e+03 -8.747599e+03
37 ind = 815, z = 9.843750e+01, evtx = 6.884958e+01 1.073302e+02 -3.332587e+03
38 ind = 811, z = 1.000000e+02, evtx = -2.928780e+02 5.389710e-02 -1.130626e+02
total Lorentz Drift = 30.123810, average efield = -10105.588814 
enter zmin (E = 0 for z>zmin) 
zmin = 0.000000 um
