****************************************************************************
***                      Sentaurus Structure Editor                      ***
***                          Version V-2024.03                           ***
***                      (3.8727837, x86_64, Linux)                      ***
***                                                                      ***
***               Copyright (C) 1994-2024 Synopsys, Inc.                 ***
***        Portions of this software are owned by Spatial Corp.          ***
***            Copyright (C) 1986-2024. All Rights Reserved.             ***
***                                                                      ***
***  This software and the associated documentation are confidential     ***
***  and proprietary to Synopsys, Inc.  Your use or disclosure of this   ***
***  software is subject to the terms and conditions of a written        ***
***  license agreement between you, or your company, and Synopsys, Inc.  ***
****************************************************************************

Compiled Tue Feb 13 13:20:28 PST 2024 on: sce-tcad-build01
Running on: kdplab01
Hardware type: x86_64
OS name: Linux
OS release: 5.14.0-503.19.1.el9_5.x86_64
OS version: #1 SMP PREEMPT_DYNAMIC Tue Jan 7 17:08:27 EST 2025
Process ID: 3839019

version #3 done.
Evaluating file n1_dvs.cmd

---> (sde:clear)

---> (sde:set-process-up-direction +z)

---> (sdegeo:set-default-boolean ABA)

---> (sdegeo:create-cuboid (position 0 0 0) (position 100 25 6.25) Silicon substrate)

---> (define ANODE (sdegeo:create-cuboid (position 101 0 0) (position 100 22 4) Metal Anode))

---> (sdegeo:set-contact ANODE anode remove)

(sdegeo:set-contact (list (car (find-face-id (position 100.5 11 4))) (car (find-face-id (position 100.5 11 0))) (car (find-face-id (position 100.5 0 2))) (car (find-face-id (position 100 11 2))) (car (find-face-id (position 100.5 22 2))) (car (find-face-id (position 101 11 2)))) "anode")

---> (define CATHODE (sdegeo:create-cuboid (position -1 0 0) (position 0 25 6.25) Metal Cathode))

---> (sdegeo:set-contact CATHODE cathode remove)

(sdegeo:set-contact (list (car (find-face-id (position -0.5 12.5 6.25))) (car (find-face-id (position -0.5 12.5 0))) (car (find-face-id (position -0.5 0 3.125))) (car (find-face-id (position -1 12.5 3.125))) (car (find-face-id (position -0.5 25 3.125))) (car (find-face-id (position 0 12.5 3.125)))) "cathode")

---> (sdedr:define-constant-profile p-_region BoronActiveConcentration 1000000000000.0)

---> (sdedr:define-erf-profile n-type_well PhosphorusActiveConcentration SymPos 1.0 Dose 100000000000000.0 Length 0.6 Erf Factor 1.0)

---> (sdedr:define-erf-profile p-type_well BoronActiveConcentration SymPos 1.0 Dose 100000000000000.0 Length 0.6 Erf Factor 1.0)

---> (sdedr:define-erf-profile p-spray PhosphorusActiveConcentration SymPos 0.25 Dose 2000000000000.0 Length 0.6 Erf Factor 0.01)

---> (sdedr:define-refeval-window bulk_region instance Cuboid (position 0 0 0) (position 100 25 6.25))

---> (sdedr:define-refinement-size bulk_region 15 7.5 3 15 7.5 3)

---> (sdedr:define-refinement-placement bulk_region instance bulk_region bulk_region instance)

---> (sdedr:define-refeval-window p+_side instance Cuboid (position 0 0 0) (position 15 25 6.25))

---> (sdedr:define-refinement-size p+_side 0.9 7.5 3 15 7.5 3)

---> (sdedr:define-refinement-placement p+_side instance p+_side p+_side instance)

---> (sdedr:define-refeval-window n+_side instance Cuboid (position 95 0 0) (position 100 25 6.25))

---> (sdedr:define-refinement-size n+_side 0.9 0.6 0.6 6 3 3)

---> (sdedr:define-refinement-placement n+_side instance n+_side n+_side instance)

---> (sdedr:define-refeval-window n+_half instance Cuboid (position 85 0 0) (position 95 25 6.25))

---> (sdedr:define-refinement-size n+_half 6 3 3 15 7.5 3)

---> (sdedr:define-refinement-placement n+_half instance n+_half n+_half instance)

---> (sdedr:define-refeval-window n-type_well region Rectangle (position 100 0 0) (position 100 24 4))

---> (sdedr:define-analytical-profile-placement n-type_well instance n-type_well n-type_well region Both NoReplace Eval)

---> (sdedr:define-refeval-window p-type_well region Rectangle (position 0 0 0) (position 0 25 6.25))

---> (sdedr:define-analytical-profile-placement p-type_well instance p-type_well p-type_well region Both NoReplace Eval)

---> (sdedr:define-refeval-window p-spray region Rectangle (position 100 0 0) (position 100 25 6.25))

---> (sdedr:define-analytical-profile-placement p-spray instance p-spray p-spray region Both NoReplace Eval)

---> (sde:save-model n1)

---> #[end-of-file]

"************************************************************************"
"Sentaurus Structure Editor "
"Start Time:    Mon Jan 20 15:24:59 2025"
"End   Time:    Mon Jan 20 15:25:00 2025"
"Total Execution Time (sec):    1"
"Total System calls Time (sec): 0"
"************************************************************************"
