1.000000e+02 -1.004789e+02
9.921875e+01 -1.004709e+02
9.843750e+01 -1.004249e+02
9.765625e+01 -9.999973e+01
9.687500e+01 -9.920755e+01
9.609375e+01 -9.841030e+01
9.531250e+01 -9.760861e+01
9.453125e+01 -9.680322e+01
9.375000e+01 -9.599482e+01
9.296875e+01 -9.518399e+01
9.218750e+01 -9.437121e+01
9.140625e+01 -9.355684e+01
9.062500e+01 -9.274119e+01
8.984375e+01 -9.192450e+01
8.906250e+01 -9.110697e+01
8.828125e+01 -9.028876e+01
8.750000e+01 -8.946999e+01
8.671875e+01 -8.865077e+01
8.593750e+01 -8.783118e+01
8.515625e+01 -8.701131e+01
8.437500e+01 -8.619118e+01
8.125000e+01 -8.290881e+01
7.500000e+01 -7.634045e+01
6.250000e+01 -6.320311e+01
5.000000e+01 -5.006936e+01
3.750000e+01 -3.693979e+01
2.500000e+01 -2.381524e+01
1.875000e+01 -1.725637e+01
1.562500e+01 -1.397915e+01
1.250000e+01 -1.070548e+01
9.375000e+00 -7.441453e+00
6.250000e+00 -4.210250e+00
6.250000e+00 -4.209245e+00
6.250000e+00 -4.207087e+00
6.250000e+00 -4.206046e+00
5.468750e+00 -3.422532e+00
5.468750e+00 -3.420079e+00
5.468750e+00 -3.421109e+00
5.468750e+00 -3.417147e+00
5.468750e+00 -3.421527e+00
5.468750e+00 -3.416053e+00
5.468750e+00 -3.421526e+00
5.468750e+00 -3.417586e+00
5.468750e+00 -3.422946e+00
4.687500e+00 -2.650331e+00
4.687500e+00 -2.638999e+00
4.687500e+00 -2.645880e+00
4.687500e+00 -2.647478e+00
4.687500e+00 -2.640749e+00
4.687500e+00 -2.641362e+00
4.687500e+00 -2.648036e+00
4.687500e+00 -2.649791e+00
4.687500e+00 -2.648244e+00
3.906250e+00 -1.881555e+00
3.906250e+00 -1.893285e+00
3.906250e+00 -1.884333e+00
3.906250e+00 -1.895689e+00
3.906250e+00 -1.899603e+00
3.906250e+00 -1.897322e+00
3.906250e+00 -1.885325e+00
3.906250e+00 -1.900409e+00
3.906250e+00 -1.896540e+00
3.125000e+00 -1.186649e+00
3.125000e+00 -1.176206e+00
3.125000e+00 -1.160308e+00
3.125000e+00 -1.181260e+00
3.125000e+00 -1.162083e+00
3.125000e+00 -1.183277e+00
3.125000e+00 -1.155652e+00
3.125000e+00 -1.187890e+00
3.125000e+00 -1.179890e+00
2.343750e+00 -4.819846e-01
2.343750e+00 -5.383515e-01
2.343750e+00 -5.188345e-01
2.343750e+00 -4.945158e-01
2.343750e+00 -4.905986e-01
2.343750e+00 -5.363155e-01
2.343750e+00 -5.271487e-01
2.343750e+00 -5.313620e-01
2.343750e+00 -5.246455e-01
1.562500e+00 5.249209e-03
1.562500e+00 6.809891e-02
1.562500e+00 9.770240e-02
1.562500e+00 1.539121e-02
1.562500e+00 2.118911e-02
1.562500e+00 8.961216e-03
1.562500e+00 8.028601e-02
1.562500e+00 3.664641e-02
1.562500e+00 2.781980e-02
7.812500e-01 3.794360e-01
7.812500e-01 3.805723e-01
7.812500e-01 3.798692e-01
7.812500e-01 3.637348e-01
7.812500e-01 3.627681e-01
7.812500e-01 3.637202e-01
7.812500e-01 3.642343e-01
7.812500e-01 3.636355e-01
0.000000e+00 4.087524e-01
0.000000e+00 4.244984e-01
0.000000e+00 4.087529e-01
0.000000e+00 4.243107e-01
0.000000e+00 4.243460e-01
0.000000e+00 4.087693e-01
0.000000e+00 4.243902e-01
0.000000e+00 4.087519e-01
0.000000e+00 4.086194e-01
