****************************************************************************
***                           Sentaurus Device                           ***
***                          Version V-2024.03                           ***
***                      (3.8727837, x86_64, Linux)                      ***
***                                                                      ***
***                       Copyright (C) 1994-2024                        ***
***                            Synopsys, Inc.                            ***
***                                                                      ***
***  This software and the associated documentation are confidential     ***
***  and proprietary to Synopsys, Inc.  Your use or disclosure of this   ***
***  software is subject to the terms and conditions of a written        ***
***  license agreement between you, or your company, and Synopsys, Inc.  ***
****************************************************************************

	Running on machine with the following configuration:
	Host Name: kdplab01
	Operating System: Linux rel. 5.14.0-427.20.1.el9_4.x86_64 ver. #1 SMP PREEMPT_DYNAMIC Mon Jun 10 08:04:28 EDT 2024
	Machine Type: x86_64
	Process ID: 86360
	Number of processors: 64
	Domain Name: (none)
	Date: Fri Jul  5 10:34:57 2024  (CDT)

Fri Jul  5 10:34:57 2024: checked out 1 sdevice license(s)
Parsing circuit file /code/Synopsys/tcad_sentaurus_vV-2024.03/sentaurus/current/bin/../tcad/current/linux64/lib/sdevice/sd_SRL1.ccf
Parsing circuit file /code/Synopsys/tcad_sentaurus_vV-2024.03/sentaurus/current/bin/../tcad/current/linux64/lib/sdevice/sd_hb_isource.ccf
Parsing circuit file /code/Synopsys/tcad_sentaurus_vV-2024.03/sentaurus/current/bin/../tcad/current/linux64/lib/sdevice/sd_hb_sRL.ccf
Parsing circuit file /code/Synopsys/tcad_sentaurus_vV-2024.03/sentaurus/current/bin/../tcad/current/linux64/lib/sdevice/sd_hb_vsource2.ccf
Parsing circuit file /code/Synopsys/tcad_sentaurus_vV-2024.03/sentaurus/current/bin/../tcad/current/linux64/lib/sdevice/sd_hb_isource2.ccf
Parsing circuit file /code/Synopsys/tcad_sentaurus_vV-2024.03/sentaurus/current/bin/../tcad/current/linux64/lib/sdevice/sd_hb_vsource.ccf
Parsing circuit file /code/Synopsys/tcad_sentaurus_vV-2024.03/sentaurus/current/bin/../tcad/current/linux64/lib/sdevice/bs_psource.ccf
Parsing circuit file /code/Synopsys/tcad_sentaurus_vV-2024.03/sentaurus/current/bin/../tcad/current/linux64/lib/sdevice/sd_hb_pGC.ccf
Parsing circuit file /code/Synopsys/tcad_sentaurus_vV-2024.03/sentaurus/current/bin/../tcad/current/linux64/lib/scm/satinductor.ccf
Parsing circuit file /code/Synopsys/tcad_sentaurus_vV-2024.03/sentaurus/current/bin/../tcad/current/linux64/lib/scm/ferroelectric.ccf
Parsing circuit file /code/Synopsys/tcad_sentaurus_vV-2024.03/sentaurus/current/bin/../tcad/current/linux64/lib/scm/MOS_harness.ccf
Loading shared object file /code/Synopsys/tcad_sentaurus_vV-2024.03/sentaurus/current/bin/../tcad/current/linux64/lib/scm/MOS_harness.so.linux64
Loading shared object file /code/Synopsys/tcad_sentaurus_vV-2024.03/sentaurus/current/bin/../tcad/current/linux64/lib/scm/ferroelectric.so.linux64
Loading shared object file /code/Synopsys/tcad_sentaurus_vV-2024.03/sentaurus/current/bin/../tcad/current/linux64/lib/scm/satinductor.so.linux64
Loading shared object file /code/Synopsys/tcad_sentaurus_vV-2024.03/sentaurus/current/bin/../tcad/current/linux64/lib/sdevice/sd_hb_pGC.so.linux64
Loading shared object file /code/Synopsys/tcad_sentaurus_vV-2024.03/sentaurus/current/bin/../tcad/current/linux64/lib/sdevice/bs_psource.so.linux64
Loading shared object file /code/Synopsys/tcad_sentaurus_vV-2024.03/sentaurus/current/bin/../tcad/current/linux64/lib/sdevice/sd_hb_vsource.so.linux64
Loading shared object file /code/Synopsys/tcad_sentaurus_vV-2024.03/sentaurus/current/bin/../tcad/current/linux64/lib/sdevice/sd_hb_isource2.so.linux64
Loading shared object file /code/Synopsys/tcad_sentaurus_vV-2024.03/sentaurus/current/bin/../tcad/current/linux64/lib/sdevice/sd_hb_vsource2.so.linux64
Loading shared object file /code/Synopsys/tcad_sentaurus_vV-2024.03/sentaurus/current/bin/../tcad/current/linux64/lib/sdevice/sd_hb_sRL.so.linux64
Loading shared object file /code/Synopsys/tcad_sentaurus_vV-2024.03/sentaurus/current/bin/../tcad/current/linux64/lib/sdevice/sd_hb_isource.so.linux64
Loading shared object file /code/Synopsys/tcad_sentaurus_vV-2024.03/sentaurus/current/bin/../tcad/current/linux64/lib/sdevice/sd_SRL1.so.linux64
Fri Jul  5 10:34:57 2024: checked out 1 sdevice-traps license(s)

Input source: pp56_des.cmd

===============================

Output file: n56_des.log


GlobalParameter {
}
no ACExtract file

PMIPath file: /code/Synopsys/tcad_sentaurus_vV-2024.03/sentaurus/current/bin/../tcad/current/linux64/lib/sdevice-35.3.8727837 /code/Synopsys/tcad_sentaurus_vV-2024.03/sentaurus/current/bin/../tcad/current/linux64/lib/sdevice

CMIPath file: /code/Synopsys/tcad_sentaurus_vV-2024.03/sentaurus/current/bin/../tcad/current/linux64/lib/sdevice /code/Synopsys/tcad_sentaurus_vV-2024.03/sentaurus/current/bin/../tcad/current/linux64/lib/scm

SPICEPath file: /code/Synopsys/tcad_sentaurus_vV-2024.03/sentaurus/current/bin/../tcad/current/lib/sdevice-35.3.8727837/spice

no DevicePath file

no CIRCUITSAVENAME file

no CIRCUITLOADNAME file

Numerical parameters:
  Absolute error : 
    Poisson : 1.0000e-03
    eqPoisson : 1.0000e-03
    Electron : 1.0000e-05
    Hole : 1.0000e-05
    Photon-Rate-Equation : 1.0000e-07
    Photon-Phase-Equation : 1.0000e-05
    Rate-Stabilize-Equation : 1.0000e-07
    QW-Scattering-Equations : 1.0000e-05
    QW-eScattering-Equation : 1.0000e-05
    QW-hScattering-Equation : 1.0000e-05
    Optical Problem : 1.0000e-03
    Wavelength : 1.0000e-03
    Bandstructure : 1.0000e-03
    EmissionTable : 1.0000e-03
    DephasingRates : 1.0000e-03
    Photon Recycling : 1.0000e-03
    Electron-Temperature : 1.0000e-04
    Hole-Temperature : 1.0000e-04
    Lattice-Hole-Electron-Temperature : 1.0000e-03
    Circuit : 1.0000e-03
    TCircuit : 1.0000e-03
    Contact : 1.0000e-03
    TContact : 1.0000e-03
    Continuation : 1.0000e-03
    eLaplace : 1.0000e-03
    hLaplace : 1.0000e-03
    tLaplace : 1.0000e-03
    electron quasi-fermi-potential : 1.0000e-03
    hole quasi-fermi-potential : 1.0000e-03
    MonteCarlo : 1.0000e-03
    MCPoissonPDE : 1.0000e-03
    eQuantumPotential : 1.0000e-03
    hQuantumPotential : 1.0000e-03
    quasi-fermi-potential : 1.0000e-03
    ConductiveInsulator : 1.0000e-03
    ContactAndConductiveInsulator : 1.0000e-03
    SingletExciton : 1.0000e-05
    FEPolarization : 1.0000e-05
    FEPolarizationX : 1.0000e-05
    FEPolarizationY : 1.0000e-05
    FEPolarizationZ : 1.0000e-05
    FEPolDivFree : 1.0000e-03
    eHopping : 1.0000e-03
    hHopping : 1.0000e-03
    HydrogenAtom : 1.0000e-03
    HydrogenMolecule : 1.0000e-03
    HydrogenIon : 1.0000e-03
    HydrogenSpeciesA : 1.0000e-03
    HydrogenSpeciesB : 1.0000e-03
    HydrogenSpeciesC : 1.0000e-03
    HydrogenSiliconBondOccupation : 1.0000e-03
    TrapPDE : 1.0000e-03
    eSHEDistribution : 1.0000e-03
    hSHEDistribution : 1.0000e-03
    Landau-Lifshitz-Gilbert[theta] : 1.0000e-03
    Landau-Lifshitz-Gilbert[phi] : 1.0000e-03
    Landau-Lifshitz-Gilbert[x] : 1.0000e-03
    Landau-Lifshitz-Gilbert[y] : 1.0000e-03
    Landau-Lifshitz-Gilbert[z] : 1.0000e-03
    Mechanics : 1.0000e-03
    ExternalTransportSolver : 1.0000e-03
    ReactionDiffusionPDE : 1.0000e-03
    eDensity_Valley1 : 1.0000e-05
    eDensity_Valley2 : 1.0000e-05
    eDensity_Valley3 : 1.0000e-05
    eDensity_Valley4 : 1.0000e-05
    hDensity_Valley1 : 1.0000e-05
    hDensity_Valley2 : 1.0000e-05
    hDensity_Valley3 : 1.0000e-05
    hDensity_Valley4 : 1.0000e-05
    eMVTransitionRate : 1.0000e-05
    hMVTransitionRate : 1.0000e-05
  RelErrControl (Reference error): 
    Poisson : 0.025852
    eqPoisson : 1
    Electron : 1.0000e+10
    Hole : 1.0000e+10
    Photon-Rate-Equation : 1.0000e-07
    Photon-Phase-Equation : 1
    Rate-Stabilize-Equation : 1.0000e-07
    QW-Scattering-Equations : 1.0000e+10
    QW-eScattering-Equation : 1.0000e+10
    QW-hScattering-Equation : 1.0000e+10
    Optical Problem : 1
    Wavelength : 1
    Bandstructure : 1
    EmissionTable : 1
    DephasingRates : 1
    Photon Recycling : 1
    Electron-Temperature : 3.0000e+02
    Hole-Temperature : 3.0000e+02
    Lattice-Hole-Electron-Temperature : 3.0000e+02
    Circuit : 1
    TCircuit : 1
    Contact : 0.025852
    TContact : 1
    Continuation : 1
    eLaplace : 1
    hLaplace : 1
    tLaplace : 1
    electron quasi-fermi-potential : 0.025852
    hole quasi-fermi-potential : 0.025852
    MonteCarlo : 1
    MCPoissonPDE : 1
    eQuantumPotential : 0.025852
    hQuantumPotential : 0.025852
    quasi-fermi-potential : 0.025852
    ConductiveInsulator : 1
    ContactAndConductiveInsulator : 1
    SingletExciton : 1.0000e+10
    FEPolarization : 0.025852
    FEPolarizationX : 0.025852
    FEPolarizationY : 0.025852
    FEPolarizationZ : 0.025852
    FEPolDivFree : 1
    eHopping : 0.025852
    hHopping : 0.025852
    HydrogenAtom : 1.0000e+10
    HydrogenMolecule : 1.0000e+10
    HydrogenIon : 1.0000e+10
    HydrogenSpeciesA : 1.0000e+10
    HydrogenSpeciesB : 1.0000e+10
    HydrogenSpeciesC : 1.0000e+10
    HydrogenSiliconBondOccupation : 1
    TrapPDE : 1.0000e-05
    eSHEDistribution : 0.025852
    hSHEDistribution : 0.025852
    Landau-Lifshitz-Gilbert[theta] : 1
    Landau-Lifshitz-Gilbert[phi] : 1
    Landau-Lifshitz-Gilbert[x] : 1
    Landau-Lifshitz-Gilbert[y] : 1
    Landau-Lifshitz-Gilbert[z] : 1
    Mechanics : 1
    ExternalTransportSolver : 1
    ReactionDiffusionPDE : 1
    eDensity_Valley1 : 1.0000e+10
    eDensity_Valley2 : 1.0000e+10
    eDensity_Valley3 : 1.0000e+10
    eDensity_Valley4 : 1.0000e+10
    hDensity_Valley1 : 1.0000e+10
    hDensity_Valley2 : 1.0000e+10
    hDensity_Valley3 : 1.0000e+10
    hDensity_Valley4 : 1.0000e+10
    eMVTransitionRate : 1.0000e+10
    hMVTransitionRate : 1.0000e+10
  Relative error : 5 digits
  Without checked transient error
  Max. #iterations : 12
  LineSearchDamping=1
  #undamped iterations : 50
  No incomplete Newton
  transient method : TR-BDF
  Linear solver : blocked decomposition
  Linear solver for AC analysis : blocked decomposition
  Linear solver for SHEDistribution Model : Super
  use linear extrapolation in transient/quasistationary computations
  use complex supernodal in ac-analysis (if possible)
  do not use smoothed PDE's in transient/quasistationary computations
  use automatic coupling of contact/circuit stuff
  Spice temperature: 3.0015e+02
  Spice nominal temperature of parameter measurements: 3.0015e+02
  Spice minimum conductance gmin: 1.0000e-12
  Use 64 bit (double) normal precision floating point arithmetic.
  Mininum |rhs| : 1.0000e-05
  Maximum |rhs| (transient): 1.0000e+15
  Maximum |rhs| (non-transient): 1.0000e+100
  Maximum |rhs| factor : 1.0000e+10
  Maximum |rhs| factor1 : 1.0000e+100
  Lattice Temperature Range : (50,5.0000e+03)
  Carrier Temperature Range : (10,8.0000e+04)
  SHESORError : 0.0000e+00
  Simplified first order SHE of BTE will be solved
  SHERefinementCutoff : 20
  No user dependencies.
  Number of assembly threads: 1 (command line max_threads)
  Number of solver threads: 1 (command line max_threads)
  Thread stacksize: 1000000 bytes (default)
  Go serial if not enough parallel licenses are available.
  Model: Math  Switched on

Default device parameters:
  Electrodes:
    "implant_electrode" : 0.0000e+00 V (Ohmic), area factor : 1
    "backside_electrode" : 0.0000e+00 V (Ohmic), area factor : 1
  RayTrace Boundaries:
  Files:
    no Boundary file
    Grid file: n51_msh.tdr
    no Doping file
    no MobilityDoping file
    MIMCurrent file: pp56_des_mimcur_des.plt
    no MIMDefects file
    no InitialDefects file
    no CyclicNorm file
    no MIMBand file
    MIMSensitivity file: pp56_des_mimsa_des.tdr
    no Load file
    no Save file
    Plot file: n56_des.tdr
    no DevFieldsName file
    AutoNewtonPlot file: n56_des_%ld_des.tdr
    no Path file
    no Lifetime file
    no Temperature file
    Current file: n56_des.plt
    no PMIUserFields file
    no Extraction file
    ModelParameters file: pp56_des.par
    ParameterPath directories: 
    no Piezo file
    no mcDOS file
    no ModeGain file
    no Optical emission table for stimulated emission file
    no Optical emission table for spontaneous emission file
    no Optical emission table for photon phase change coefficient file
    no EmissionTable file
    no DephasingRates file
    no OpticalFarField file
    no OpticalIntensityPattern file
    no SaveOpticalIntensityPattern file
    no IlluminationSpectrum file
    no SpectralPlot file
    no OpticalSolverInput file
    no OpticalGenerationInput file
    no OpticalGenerationOutuput file
    no OptGenTransientScaling file
    no MonteCarloInput file
    no MonteCarloOutput file
    no ACPlot file
-----------------------------------------------
  Numerical parameters:
    With avalanche derivatives
    Using New Plot Names
    Using old wavelength search algorithm
    Do not reinitialize quasi Fermi potentials in quasi-stationary simulations
    Ignore ionization integral constraints
    Without diagonal preconditioning
    With Scharfetter-Gummel Discretization
    Relative error : 5 digits
    Delta for numerical tunnelling derivatives : 1.0000e-03
    Linear solver (submethod) : Pardiso
    Do not compute breakdown paths, ionization integrals, and Off-state Breakdown Analysis (OBA)
    QuasiFermiPotential is used for Contact Equation
    With usage of best vertex in element (maximum element-vertex volume angle) for impact ionization models
-----------------------------------------------
-----------------------------------------------
  Physical models:
    Without incomplete ionization
    Use Si parameters
    TATNonlocalPathNC = 0.0000e+00
    With SRH-Recombination
      With Hurkx field dependent lifetimes (trap assisted tunneling model)
      With doping dependent lifetimes
      With temperature dependent lifetimes (power law)
    Without CDL-Recombination
    With optical generation computation 
    Without Band-to-Band-Tunneling
    Without Auger-Recombination
    Without Radiative Recombination
    Without Surface-Recombination
    Without Trap-Assisted-Auger-Recombination
    PMI recombination models: none
    Without thermal resistance interfaces
    Without distributed resistance interfaces for electrons
    Without distributed resistance interfaces for holes
    Without Piezo
    Without Anisotropic Material Properties

    With Avalanche-Generation: 
    For electrons:
      driving force is Parallel (to current) Electric Field,
      model according to van Overstraeten / de Man
    For holes:
      driving force is Parallel (to current) Electric Field,
      model according to van Overstraeten / de Man

    Without Alpha Particle
    Without Heavy Ion
    Without polarization
    Volume charge density: 0.0000e+00 cm^-3
    Device Temperature = 2.4150e+02 K
    Electron Quasi Fermi Potential: 0.0000e+00 V
    Hole Quasi Fermi Potential: 0.0000e+00 V
    Without MagneticField
    With SingletExciton Barrier Type
    Fermi Statistic 
    Intrinsic density models:
      default bandgap model
      Bandgap narrowing model: Slotboom with bandgap narrowing (Fermi)
    default affinity model
    default effective mass model
    Electron mobility:
      Philips unified mobility with Phosphorus as n-type
      no Carrier-Carrier scattering
      no bulk trap Coulomb scattering 
      no E_normal dependence
      Without ThinLayer mobility model
      High-field mobility: Caughey-Thomas saturation model, using gradient quasi-Fermi potential
      Einstein relation for diffusivity-mobility ratio
      no band tail high-field mobility
    Hole mobility:
      Philips unified mobility with Phosphorus as n-type
      no Carrier-Carrier scattering
      no bulk trap Coulomb scattering 
      no E_normal dependence
      Without ThinLayer mobility model
      High-field mobility: Caughey-Thomas saturation model, using gradient quasi-Fermi potential
      Einstein relation for diffusivity-mobility ratio
      no band tail high-field mobility
    Energy relaxation time model: according to formula in parameter file
    Schottky resistance model: default bult-in model
    Lattice thermal conductivity model: according to formula in parameter file
    Metal Resistivity model: according to formula in parameter file
    Thermo Electric Power model: extraploted Si data
    Metal Thermo Electric Power model: MetalThermoElectricPower model not defined
    Lattice heat capacity model: temperature dependent
    no piezoelectric polarization model
    Without default parameters from file (use built-in default parameters)
-----------------------------------------------
- - - - - - - - - - - - - - - - - - - - - - - - 
  The following Physical models have been specified
              for Interface = 'Oxide/Silicon'
    Without thermal resistance interfaces
    Without distributed resistance interfaces for electrons
    Without distributed resistance interfaces for holes
    With Charges:
      Uniform Surface Conc = 1.0000e+12 cm^-2
- - - - - - - - - - - - - - - - - - - - - - - -
- - - - - - - - - - - - - - - - - - - - - - - - 
  The following Physical models were changed
              for Material = 'Silicon'
    Without thermal resistance interfaces
    Without distributed resistance interfaces for electrons
    Without distributed resistance interfaces for holes
    With Bulk Traps:
      Donor Trap Level from Valence Band
      Concentration = 1.6000e+16 cm^-3,       Energy = 0.48 eV
      Electron X-section = 2.0000e-14 cm^2, Hole X-section = 1.0000e-14 cm^2

      Acceptor Trap Level from Conduction Band
      Concentration = 3.0000e+15 cm^-3,       Energy = 0.525 eV
      Electron X-section = 5.0000e-15 cm^2, Hole X-section = 1.0000e-14 cm^2

      Acceptor Trap Level from Valence Band
      Concentration = 1.4400e+17 cm^-3,       Energy = 0.9 eV
      Electron X-section = 1.0000e-16 cm^2, Hole X-section = 1.0000e-16 cm^2
- - - - - - - - - - - - - - - - - - - - - - - -
  Process information for extraction purposes:
    none
  Plot variables:
    eDensity
    hDensity
    eCurrentDensity/Vector
    hCurrentDensity/Vector
    ElectrostaticPotential
    SpaceCharge
    ElectricField/Vector
    DopingConcentration
    eMobility
    hMobility
    SRHRecombination
    HeavyIonChargeDensity/SpecialVector
    AvalancheGeneration
    ! WARNING AvalancheGeneration is an alias for ImpactIonization. The latter name will appear in .plt and .tdr files. 
    eAlphaAvalanche
    hAlphaAvalanche
    eAvalancheGeneration
    ! WARNING eAvalancheGeneration is an alias for eImpactIonization. The latter name will appear in .plt and .tdr files. 
    hAvalancheGeneration
    ! WARNING hAvalancheGeneration is an alias for hImpactIonization. The latter name will appear in .plt and .tdr files. 
    eTrappedCharge
    hTrappedCharge
    eGapStatesRecombination
    hGapStatesRecombination

------------------------------------------------
  NoisePlot variables:
    none
  Plot groups:
    none

------------------------------------------------
  CurrentPlot variables:
    none
Devices:
Systems:
Solve :
 Poisson
Coupled ( Digits : 5, Max. #iterations : 12, 
    Solver : blocked decomposition,
    #undamped iterations : 50 
    )
    { Poisson Hole Electron } 
Quasistationary ( Digits : 5, Max. #iterations : 12, 
      Initial step in t : 1.0000e-03, 
      Minimum step in t : 1.0000e-06, Maximum step in t : 0.04, 
      Increment : 1.4, Decrement : 2, 
      Goal values :
        Contact backside_electrode : -1.0000e+03V
    )
  {
    Coupled ( Digits : 5, Max. #iterations : 12, 
        Solver : blocked decomposition,
        #undamped iterations : 50 
        )
        { Poisson Electron Hole } 
    Plot( FilePrefix = "n56_quasi" nooverwrite
         Time (fixed times:
             0.5 0.6 0.7 0.8 0.9
             1) )
      { }
  }

===============================

Reading grid 'n51_msh.tdr' ... 
  coordinate system: UCS, 3d_sprocess (x is device down direction)
  use coordinate system as is (no transformation)
  TDR format
  Number of grid points is 233482.
done.

Adding interfaces and contacts .... done.

Computing edges ...
  Number of edges: 1560345
done.
Computing boxes ...

  CVPL_AverageBoxMethod = TRUE 
   
  Boxmethod Parallel Computing: nbThreads = 1 

  Computing Voronoi faces, coefficients, and measures ... 
  CVPL_Algorithm = TRUE 

    Computing Obtuse Elements ... 
     Obtuse Elements time:  tcpu = 1.9 s
      New Parameters time: (wallclock = 3.98 s, tcpu = 3.98 s)
      Control Volumes For Avalanche time: (wallclock = 15.8 s, tcpu = 15.77 s)

Info for all regions (NumberOfRegions = 3):
        ElementWithMinVolume( 32242) Vertex0(    2)(-0.000000e+00, 1.418198e+01,-1.418198e+01) Volume = 1.020961e-07 um3 (1.68e-13 from TotalVolume)
          ElementWithMinEdge( 32238) Vertex0(    2)(-0.000000e+00, 1.418198e+01,-1.418198e+01) Length = 2.890892e-03 um
              MaxFlatElement(337302) Vertex0(90036)( 2.832031e-01, 1.718750e+01,-1.332031e+01)  Angle = 6.554481e-01 degrees
   ElementWithMaxQualityEdge( 32239) Vertex0(    2)(-0.000000e+00, 1.418198e+01,-1.418198e+01)    R/L = 1.052667e+02 
 ElementWithMaxQualityHeight(     4) Vertex0(    2)(-0.000000e+00, 1.418198e+01,-1.418198e+01)    R/H = 6.631833e+02 

Info for semiconductor regions (NumberOfRegions = 1):
        ElementWithMinVolume( 32242) Vertex0(    2)(-0.000000e+00, 1.418198e+01,-1.418198e+01) Volume = 1.020961e-07 um3 (1.68e-13 from TotalVolume)
          ElementWithMinEdge( 32238) Vertex0(    2)(-0.000000e+00, 1.418198e+01,-1.418198e+01) Length = 2.890892e-03 um
              MaxFlatElement( 42496) Vertex0( 6131)( 0.000000e+00,-1.332031e+01,-1.718479e+01)  Angle = 6.554481e-01 degrees
   ElementWithMaxQualityEdge( 32239) Vertex0(    2)(-0.000000e+00, 1.418198e+01,-1.418198e+01)    R/L = 1.052667e+02 
 ElementWithMaxQualityHeight(1187765) Vertex0(233424)( 0.000000e+00,-1.416848e+01,-1.419234e+01)    R/H = 6.153446e+02 

   NumberOfEdges              = 1560345 
   NumberOfGeometricalEdges   = 1529867 
   NumberOfDoubleEdges        =      0 
   MaxNumberOfEdgesPerVertex  =     27; vertex(12914) = ( 0.000000e+00, -2.148438e+01,  2.062500e+01) [um]
   MaxNumberOfElementsPerEdge =     10; edge(369680) = (64486, 79933) 
                                        vertex(64486) = ( 2.832031e-01, -1.417969e+01, -1.375000e+01) [um]
                                        vertex(79933) = ( 2.832031e-01, -1.417969e+01, -1.417969e+01) [um]

                        NumberOfVertices = 263960 
                        NumberOfElements = 1250382 
                    NumberOfTetrahedrons = 1250382  (100.0 %)
                  NumberOfObtuseElements = 432305  (34.57 %)
             NumberOfNonDelaunayElements =      0  ( 0.00 %)

  VertexWithMaxMeasure(154057)( 1.655391e+02,-1.375000e+01,-1.375000e+01)
  MaxVertMeasure(3.701859e+01)/VertVolume(6.169764e+00) = 6.00e+00


/-------- Region non-Delaunay elements ----------------------------------------------------------------
 Region     Volume      BoxMethodVolume  DeltaVolume  Elements  non-Delaunay      non-DelaunayVolume 
  name       [um3]          [um3]           [%]                   Elements              [um3]   [%]   
 ------------------------------------------------------------------------------------------------------
 MID_OX  4.7144651e+02  4.7144651e+02     1.7e-11     32238       0 ( 0.00 %)   0.0000000e+00 ( 0.0000) 
 bulk    6.0500000e+05  6.0500000e+05     1.4e-11    1155752       0 ( 0.00 %)   0.0000000e+00 ( 0.0000) 
 SiO4    9.1609509e+02  9.1609509e+02     2.2e-10     62392       0 ( 0.00 %)   0.0000000e+00 ( 0.0000) 
 ......................................................................................................
 Total   6.0638754e+05  6.0638754e+05     6.6e-10    1250382       0 ( 0.00 %)   0.0000000e+00 ( 0.0000) 
\------------------------------------------------------------------------------------------------------
    done.
  done.
  (times: wallclock = 23.01 s, tcpu = 22.97 s)
done.
Reading doping 'n51_msh.tdr' (TDR format) ...
done.
done.
Reading parameter file 'pp56_des.par' ...
---------------------------------------------------
 Reading parameters for material "Silicon"
---------------------------------------------------

	Differences compared with default parameters:
	Scharfetter(elec): tau_max = 0.01, instead of: 1.0000e-05 [s]
	Scharfetter(hole): tau_max = 1.0000e-03, instead of: 3.0000e-06 [s]


=======
Region: "MID_OX"
  (material is "Oxide")
=======
  Using default lattice crystal coordinate system:
    effective LatticeParameters:
      X = (1, 0.0000e+00, 0.0000e+00)
      Y = (0.0000e+00, 1, 0.0000e+00)
      Z = (0.0000e+00, 0.0000e+00, 1)
  Constants are not modified and equal to default ones

=======
Region: "SiO4"
  (material is "Oxide")
=======
  Using default lattice crystal coordinate system:
    effective LatticeParameters:
      X = (1, 0.0000e+00, 0.0000e+00)
      Y = (0.0000e+00, 1, 0.0000e+00)
      Z = (0.0000e+00, 0.0000e+00, 1)
  Constants are not modified and equal to default ones

=======
Region: "bulk"
  (material is "Silicon")
=======
  Model: "Scharfetter"
    Parameter "taumax_e" is modified from 1e-05 to 0.01
    Parameter "taumax_h" is modified from 3e-06 to 0.001
  Using default lattice crystal coordinate system:
    effective LatticeParameters:
      X = (1, 0.0000e+00, 0.0000e+00)
      Y = (0.0000e+00, 1, 0.0000e+00)
      Z = (0.0000e+00, 0.0000e+00, 1)

================
RegionInterface: "MID_OX/bulk"
  (material interface is "Oxide/Silicon")
================
  Constants are not modified and equal to default ones

================
RegionInterface: "bulk/SiO4"
  (material interface is "Silicon/Oxide")
================
  Constants are not modified and equal to default ones

==========
Electrode: "backside_electrode"
==========
  Constants are not modified and equal to default ones

==========
Electrode: "implant_electrode"
==========
  Constants are not modified and equal to default ones


Acceptor and donor concentrations (AcceptorConcentration, DonorConcentration):
    computed based on the following species from the doping file:
        PhosphorusActiveConcentration (donor)
        BoronActiveConcentration (acceptor)
Net doping concentration (DopingConcentration):
    obtained from doping file
Total doping concentration (TotalConcentration):
    recomputed from acceptor and donor concentrations


Fri Jul  5 10:36:19 2024: checked out 1 sdevice-3d license(s)

With Constant Reference Potential:
  Parameters of Reference Semiconductor:
    The Electron Affinity: 4.06572
    The Band Gap: 1.13341
    The Electron DOS: 2.8217e+19
    The Hole DOS: 2.8542e+19
  The Constant Reference Potential: 4.6323

===============================
Starting solve of next problem:
 Poisson
===============================

Computing poisson-equation 
using Bank/Rose nonlinear solver.

Iteration   |Rhs|      factor     |step|     error   #inner  #iterative  time
------------------------------------------------------------------------------
    0      3.31e+00                                                      1.15
    1      2.84e+05   1.00e+00   1.05e+01   2.91e+04    0         1      9.29
    2      2.64e+05   1.00e+00   4.53e-01   2.92e+03    0         1     13.54
    3      2.45e+05   1.00e+00   4.16e-01   1.26e+03    0         1     17.80
    4      2.27e+05   1.00e+00   4.08e-01   1.08e+03    0         1     22.04
    5      2.09e+05   1.00e+00   4.00e-01   1.17e+03    0         1     26.29
    6      1.92e+05   1.00e+00   3.91e-01   1.30e+03    0         1     30.57
    7      1.76e+05   1.00e+00   3.80e-01   1.39e+03    0         1     34.90
    8      1.60e+05   1.00e+00   3.67e-01   1.40e+03    0         1     39.14
    9      1.44e+05   1.00e+00   3.50e-01   1.37e+03    0         1     43.38
   10      1.29e+05   1.00e+00   3.31e-01   1.32e+03    0         1     47.64
   11      1.15e+05   1.00e+00   3.10e-01   1.26e+03    0         1     51.91
   12      1.02e+05   1.00e+00   2.89e-01   1.21e+03    0         1     56.17
   13      8.90e+04   1.00e+00   2.72e-01   1.17e+03    0         1     60.44
   14      7.69e+04   1.00e+00   2.60e-01   1.15e+03    0         1     64.72
   15      6.56e+04   1.00e+00   2.50e-01   1.16e+03    0         1     69.02
   16      5.52e+04   1.00e+00   2.42e-01   1.18e+03    0         1     73.26
   17      4.55e+04   1.00e+00   2.35e-01   1.23e+03    0         1     77.54
   18      3.67e+04   1.00e+00   2.29e-01   1.31e+03    0         1     81.80
   19      2.88e+04   1.00e+00   2.24e-01   1.42e+03    0         1     86.08
   20      2.18e+04   1.00e+00   2.21e-01   1.57e+03    0         1     90.36
   21      1.58e+04   1.00e+00   2.22e-01   1.75e+03    0         1     94.61
   22      1.08e+04   1.00e+00   2.31e-01   1.97e+03    0         1     98.87
   23      6.93e+03   1.00e+00   2.37e-01   2.16e+03    0         1    103.12
   24      4.08e+03   1.00e+00   2.22e-01   2.15e+03    0         1    107.38
   25      2.20e+03   1.00e+00   1.35e-01   1.38e+03    0         1    111.63
   26      1.11e+03   1.00e+00   9.63e-02   8.26e+02    0         1    115.89
   27      5.45e+02   1.00e+00   9.07e-02   6.71e+02    0         1    120.15
   28      2.64e+02   1.00e+00   9.07e-02   6.51e+02    0         1    124.41
   29      1.28e+02   1.00e+00   8.71e-02   6.15e+02    0         1    128.67
   30      6.31e+01   1.00e+00   8.36e-02   5.62e+02    0         1    132.91
   31      3.16e+01   1.00e+00   8.67e-02   5.75e+02    0         1    137.18
   32      1.65e+01   1.00e+00   9.75e-02   6.64e+02    0         1    141.44
   33      9.32e+00   1.00e+00   1.10e-01   7.83e+02    0         1    145.72
   34      5.93e+00   1.00e+00   1.17e-01   8.70e+02    0         1    149.96
   35      4.38e+00   1.00e+00   1.14e-01   8.89e+02    0         1    154.21
   36      3.57e+00   1.00e+00   8.52e-02   7.00e+02    0         1    158.49
   37      2.52e+00   1.00e+00   4.49e-02   3.73e+02    0         1    162.84
   38      8.26e-01   1.00e+00   2.63e-02   2.18e+02    0         1    167.09
   39      2.42e-01   1.00e+00   7.86e-03   7.02e+01    0         1    171.36
   40      6.45e-02   1.00e+00   2.33e-03   2.14e+01    0         1    175.63
   41      1.65e-02   1.00e+00   6.27e-04   5.91e+00    0         1    179.89
   42      4.19e-03   1.00e+00   1.62e-04   1.57e+00    0         1    184.14
   43      1.06e-03   1.00e+00   4.19e-05   4.23e-01    0         1    188.40
Finished, because...
Error smaller than 1 ( 4.2287E-01 ).

Accumulated times:
Assembly time:       65.48 s
Solve time:    122.82 s
Total time:    188.40 s

contact        voltage     electron current    hole current  conduction current
 backside_el  0.000E+00      -1.810E-21        -6.091E-24       -1.816E-21
 implant_ele  0.000E+00       1.816E-21         6.600E-26        1.816E-21


===============================
Starting solve of next problem:
Coupled ( Digits : 5, Max. #iterations : 12, 
    Solver : blocked decomposition,
    #undamped iterations : 50 
    )
    { Poisson Hole Electron } 
===============================

Computing Coupled( 1 poisson-equation(s) , 1 hole-equation(s) , 
                   1 electron-equation(s) ) 
using Bank/Rose nonlinear solver.

Iteration   |Rhs|      factor     |step|     error   #inner  #iterative  time
------------------------------------------------------------------------------
    0      1.06e-03                                                     10.99
    1      3.76e-04   1.00e+00   1.51e-05   9.48e-01    0         1     90.98
Finished, because...
Error smaller than 1 ( 9.4830E-01 ).

Accumulated times:
Assembly time:       42.41 s
Solve time:     48.51 s
Total time:     90.98 s

contact        voltage     electron current    hole current  conduction current
 backside_el  0.000E+00       2.647E-15         2.421E-22        2.647E-15
 implant_ele  0.000E+00      -2.647E-15        -3.690E-22       -2.647E-15


===============================
Starting solve of next problem:
Quasistationary ( Digits : 5, Max. #iterations : 12, 
      Initial step in t : 1.0000e-03, 
      Minimum step in t : 1.0000e-06, Maximum step in t : 0.04, 
      Increment : 1.4, Decrement : 2, 
      Goal values :
        Contact backside_electrode : -1.0000e+03V
    )
  {
    Coupled ( Digits : 5, Max. #iterations : 12, 
        Solver : blocked decomposition,
        #undamped iterations : 50 
        )
        { Poisson Electron Hole } 
    Plot( FilePrefix = "n56_quasi" nooverwrite
         Time (fixed times:
             0.5 0.6 0.7 0.8 0.9
             1) )
      { }
  }
===============================

Computing step from t=0.0000e+00 to t=1.0000e-03 (Stepsize: 1.0000e-03) :
Computing Coupled( 1 poisson-equation(s) , 1 electron-equation(s) , 
                   1 hole-equation(s) ) 
using Bank/Rose nonlinear solver.

Iteration   |Rhs|      factor     |step|     error   #inner  #iterative  time
------------------------------------------------------------------------------
    0      4.32e+08                                                     14.47
    1      1.28e+08   1.00e+00   1.68e+01   3.65e+04    0         1     81.29
    2      5.40e+06   1.00e+00   2.73e+00   6.90e+03    0         1    137.99
    3      7.67e+04   1.00e+00   1.82e-01   3.37e+02    0         1    194.82
    4      1.74e+01   1.00e+00   9.94e-03   5.63e+00    0         1    251.62
    5      1.22e-06   1.00e+00   1.73e-05   7.58e-03    0         1    308.61
Finished, because...
Error smaller than 1 ( 7.5833E-03 ).

Accumulated times:
Assembly time:      105.37 s
Solve time:    202.95 s
Total time:    308.61 s

contact        voltage     electron current    hole current  conduction current
 backside_el -1.000E+00      -3.027E-22        -1.906E-11       -1.906E-11
 implant_ele  0.000E+00       1.906E-11         2.648E-23        1.906E-11

Computing step from t=1.0000e-03 to t=2.2222e-03 (Stepsize: 1.2222e-03) :
Extrapolating values for t = 2.2222e-03 ... done.
Computing Coupled( 1 poisson-equation(s) , 1 electron-equation(s) , 
                   1 hole-equation(s) ) 
using Bank/Rose nonlinear solver.

Iteration   |Rhs|      factor     |step|     error   #inner  #iterative  time
------------------------------------------------------------------------------
    0      1.16e-01                                                     16.04
    1      3.85e-01   1.00e+00   1.80e+00   1.29e+04    0         1     72.85
    2      6.29e-01   1.00e+00   2.18e+00   1.31e+04    0         1    129.66
    3      7.44e-02   1.00e+00   9.34e-01   4.47e+03    0         1    186.68
    4      3.16e-03   1.00e+00   7.62e-02   6.19e+02    0         1    243.87
    5      7.24e-07   1.00e+00   9.56e-04   6.08e+00    0         1    300.96
Finished, because...
|RHS| less than 1.0000E-05.

Accumulated times:
Assembly time:      107.90 s
Solve time:    192.78 s
Total time:    300.96 s

contact        voltage     electron current    hole current  conduction current
 backside_el -2.222E+00       3.712E-18        -3.411E-11       -3.411E-11
 implant_ele  0.000E+00       3.411E-11        -1.227E-19        3.411E-11

Computing step from t=2.2222e-03 to t=3.7160e-03 (Stepsize: 1.4938e-03) :
Extrapolating values for t = 3.7160e-03 ... done.
Computing Coupled( 1 poisson-equation(s) , 1 electron-equation(s) , 
                   1 hole-equation(s) ) 
using Bank/Rose nonlinear solver.

Iteration   |Rhs|      factor     |step|     error   #inner  #iterative  time
------------------------------------------------------------------------------
    0      7.56e-01                                                     16.00
    1      5.94e+00   1.00e+00   4.01e+00   9.96e+03    0         1     72.86
    2      3.44e-01   1.00e+00   1.41e+00   4.66e+03    0         1    129.55
    3      6.23e-02   1.00e+00   8.02e-02   2.20e+02    0         1    186.45
    4      1.77e-05   1.00e+00   2.35e-03   7.85e+00    0         1    243.41
    5      1.53e-06   1.00e+00   1.39e-06   7.75e-03    0         1    300.22
Finished, because...
Error smaller than 1 ( 7.7477E-03 ).

Accumulated times:
Assembly time:      107.21 s
Solve time:    192.71 s
Total time:    300.22 s

contact        voltage     electron current    hole current  conduction current
 backside_el -3.716E+00       8.886E-24        -4.516E-11       -4.516E-11
 implant_ele  0.000E+00       4.516E-11         3.547E-23        4.516E-11

Computing step from t=3.7160e-03 to t=5.5418e-03 (Stepsize: 1.8258e-03) :
Extrapolating values for t = 5.5418e-03 ... done.
Computing Coupled( 1 poisson-equation(s) , 1 electron-equation(s) , 
                   1 hole-equation(s) ) 
using Bank/Rose nonlinear solver.

Iteration   |Rhs|      factor     |step|     error   #inner  #iterative  time
------------------------------------------------------------------------------
    0      8.61e-01                                                     16.17
    1      3.25e+00   1.00e+00   1.39e+00   2.62e+03    0         1     73.09
    2      1.28e-01   1.00e+00   5.35e-01   1.03e+03    0         1    129.70
    3      1.78e-03   1.00e+00   8.36e-02   1.32e+02    0         1    186.53
    4      1.56e-06   1.00e+00   7.73e-04   1.50e+00    0         1    243.32
Finished, because...
|RHS| less than 1.0000E-05.

Accumulated times:
Assembly time:       88.99 s
Solve time:    154.08 s
Total time:    243.32 s

contact        voltage     electron current    hole current  conduction current
 backside_el -5.542E+00       3.616E-19        -5.538E-11       -5.538E-11
 implant_ele  0.000E+00       5.538E-11        -1.338E-22        5.538E-11

Computing step from t=5.5418e-03 to t=7.8545e-03 (Stepsize: 2.3127e-03) :
Extrapolating values for t = 7.8545e-03 ... done.
Computing Coupled( 1 poisson-equation(s) , 1 electron-equation(s) , 
                   1 hole-equation(s) ) 
using Bank/Rose nonlinear solver.

Iteration   |Rhs|      factor     |step|     error   #inner  #iterative  time
------------------------------------------------------------------------------
    0      5.97e-01                                                     16.03
    1      5.81e-01   1.00e+00   1.24e+00   2.03e+03    0         1     72.92
    2      1.28e-02   1.00e+00   1.87e-01   3.45e+02    0         1    129.74
    3      2.53e-04   1.00e+00   4.75e-02   4.63e+01    0         1    186.63
    4      2.99e-06   1.00e+00   1.34e-04   1.63e-01    0         1    243.62
Finished, because...
Error smaller than 1 ( 1.6251E-01 ).

Accumulated times:
Assembly time:       88.98 s
Solve time:    154.37 s
Total time:    243.62 s

contact        voltage     electron current    hole current  conduction current
 backside_el -7.855E+00       4.677E-21        -6.541E-11       -6.541E-11
 implant_ele  0.000E+00       6.541E-11         3.490E-23        6.541E-11

Computing step from t=7.8545e-03 to t=0.0107839 (Stepsize: 2.9294e-03) :
Extrapolating values for t = 0.0107839 ... done.
Computing Coupled( 1 poisson-equation(s) , 1 electron-equation(s) , 
                   1 hole-equation(s) ) 
using Bank/Rose nonlinear solver.

Iteration   |Rhs|      factor     |step|     error   #inner  #iterative  time
------------------------------------------------------------------------------
    0      4.74e-01                                                     16.01
    1      8.88e-01   1.00e+00   1.08e+00   2.62e+03    0         1     72.78
    2      3.34e-02   1.00e+00   1.33e-01   7.11e+02    0         1    129.49
    3      1.54e-04   1.00e+00   4.09e-02   5.43e+01    0         1    186.40
    4      2.82e-06   1.00e+00   2.82e-05   4.58e-01    0         1    243.27
Finished, because...
Error smaller than 1 ( 4.5764E-01 ).

Accumulated times:
Assembly time:       88.89 s
Solve time:    154.14 s
Total time:    243.27 s

contact        voltage     electron current    hole current  conduction current
 backside_el -1.078E+01       5.445E-21        -7.563E-11       -7.563E-11
 implant_ele  0.000E+00       7.563E-11         3.162E-23        7.563E-11

Computing step from t=0.0107839 to t=0.0144944 (Stepsize: 3.7105e-03) :
Extrapolating values for t = 0.0144944 ... done.
Computing Coupled( 1 poisson-equation(s) , 1 electron-equation(s) , 
                   1 hole-equation(s) ) 
using Bank/Rose nonlinear solver.

Iteration   |Rhs|      factor     |step|     error   #inner  #iterative  time
------------------------------------------------------------------------------
    0      4.53e-01                                                     16.43
    1      3.05e+00   1.00e+00   1.12e+00   4.62e+03    0         1     73.44
    2      3.99e-02   1.00e+00   3.82e-01   2.05e+03    0         1    130.33
    3      2.17e-04   1.00e+00   4.69e-02   9.03e+01    0         1    187.37
    4      5.80e-06   1.00e+00   6.40e-05   3.85e-01    0         1    244.50
Finished, because...
Error smaller than 1 ( 3.8526E-01 ).

Accumulated times:
Assembly time:       90.39 s
Solve time:    153.87 s
Total time:    244.50 s

contact        voltage     electron current    hole current  conduction current
 backside_el -1.449E+01       1.988E-21        -8.628E-11       -8.628E-11
 implant_ele  0.000E+00       8.628E-11         3.244E-23        8.628E-11

Computing step from t=0.0144944 to t=0.0191944 (Stepsize: 4.7000e-03) :
Extrapolating values for t = 0.0191944 ... done.
Computing Coupled( 1 poisson-equation(s) , 1 electron-equation(s) , 
                   1 hole-equation(s) ) 
using Bank/Rose nonlinear solver.

Iteration   |Rhs|      factor     |step|     error   #inner  #iterative  time
------------------------------------------------------------------------------
    0      4.40e-01                                                     15.98
    1      1.61e+01   1.00e+00   1.20e+00   2.56e+03    0         1     72.87
    2      3.24e-02   1.00e+00   9.92e-02   1.35e+02    0         1    129.55
    3      3.09e-04   1.00e+00   6.91e-02   2.10e+01    0         1    186.41
    4      5.84e-06   1.00e+00   9.87e-05   4.59e-02    0         1    243.29
Finished, because...
Error smaller than 1 ( 4.5940E-02 ).

Accumulated times:
Assembly time:       88.84 s
Solve time:    154.20 s
Total time:    243.29 s

contact        voltage     electron current    hole current  conduction current
 backside_el -1.919E+01       1.196E-20        -9.763E-11       -9.763E-11
 implant_ele  0.000E+00       9.763E-11         3.660E-23        9.763E-11

Computing step from t=0.0191944 to t=0.0251478 (Stepsize: 5.9534e-03) :
Extrapolating values for t = 0.0251478 ... done.
Computing Coupled( 1 poisson-equation(s) , 1 electron-equation(s) , 
                   1 hole-equation(s) ) 
using Bank/Rose nonlinear solver.

Iteration   |Rhs|      factor     |step|     error   #inner  #iterative  time
------------------------------------------------------------------------------
    0      4.40e-01                                                     15.99
    1      4.22e+01   1.00e+00   1.46e+00   9.61e+03    0         1     72.82
    2      1.39e+01   1.00e+00   1.30e-01   1.49e+02    0         1    129.37
    3      1.63e+00   1.00e+00   8.70e-02   2.27e+02    0         1    186.00
    4      3.69e+00   1.00e+00   3.59e-02   1.16e+02    0         1    242.62
    5      2.50e-02   1.00e+00   1.32e-03   2.63e+01    0         1    299.52
    6      4.92e-06   1.00e+00   2.67e-05   6.42e-02    0         1    356.36
Finished, because...
Error smaller than 1 ( 6.4187E-02 ).

Accumulated times:
Assembly time:      124.91 s
Solve time:    231.07 s
Total time:    356.36 s

contact        voltage     electron current    hole current  conduction current
 backside_el -2.515E+01       5.494E-22        -1.101E-10       -1.101E-10
 implant_ele  0.000E+00       1.101E-10         1.105E-22        1.101E-10

Computing step from t=0.0251478 to t=0.0321595 (Stepsize: 7.0117e-03) :
Extrapolating values for t = 0.0321595 ... done.
Computing Coupled( 1 poisson-equation(s) , 1 electron-equation(s) , 
                   1 hole-equation(s) ) 
using Bank/Rose nonlinear solver.

Iteration   |Rhs|      factor     |step|     error   #inner  #iterative  time
------------------------------------------------------------------------------
    0      4.25e-01                                                     15.96
    1      1.88e+00   1.00e+00   1.72e+00   7.38e+02    0         1     72.79
    2      1.88e-02   1.00e+00   1.25e-01   4.67e+01    0         1    129.69
    3      1.60e-02   1.00e+00   2.45e-02   8.90e+00    0         1    186.56
    4      9.63e-06   1.00e+00   1.01e-04   3.06e-01    0         1    243.39
Finished, because...
Error smaller than 1 ( 3.0606E-01 ).

Accumulated times:
Assembly time:       88.82 s
Solve time:    154.32 s
Total time:    243.39 s

contact        voltage     electron current    hole current  conduction current
 backside_el -3.216E+01       9.363E-21        -1.233E-10       -1.233E-10
 implant_ele  0.000E+00       1.233E-10        -1.676E-21        1.233E-10

Computing step from t=0.0321595 to t=0.0410411 (Stepsize: 8.8815e-03) :
Extrapolating values for t = 0.0410411 ... done.
Computing Coupled( 1 poisson-equation(s) , 1 electron-equation(s) , 
                   1 hole-equation(s) ) 
using Bank/Rose nonlinear solver.

Iteration   |Rhs|      factor     |step|     error   #inner  #iterative  time
------------------------------------------------------------------------------
    0      4.96e-01                                                     15.95
    1      3.39e+01   1.00e+00   2.58e+00   7.87e+02    0         1     72.78
    2      1.49e+00   1.00e+00   1.68e-01   8.73e+01    0         1    129.68
    3      1.22e-01   1.00e+00   2.90e-02   2.36e+01    0         1    186.43
    4      1.53e-03   1.00e+00   1.56e-04   2.30e+00    0         1    243.27
    5      9.53e-06   1.00e+00   2.00e-06   3.05e-02    0         1    300.10
Finished, because...
Error smaller than 1 ( 3.0518E-02 ).

Accumulated times:
Assembly time:      107.10 s
Solve time:    192.71 s
Total time:    300.10 s

contact        voltage     electron current    hole current  conduction current
 backside_el -4.104E+01       1.829E-22        -1.391E-10       -1.391E-10
 implant_ele  0.000E+00       1.391E-10         8.106E-24        1.391E-10

Computing step from t=0.0410411 to t=0.0518963 (Stepsize: 0.0108552) :
Extrapolating values for t = 0.0518963 ... done.
Computing Coupled( 1 poisson-equation(s) , 1 electron-equation(s) , 
                   1 hole-equation(s) ) 
using Bank/Rose nonlinear solver.

Iteration   |Rhs|      factor     |step|     error   #inner  #iterative  time
------------------------------------------------------------------------------
    0      4.03e-01                                                     15.98
    1      2.85e+00   1.00e+00   3.26e+00   7.19e+02    0         1     72.92
    2      1.48e-02   1.00e+00   3.87e-01   3.51e+01    0         1    129.82
    3      1.12e-05   1.00e+00   8.32e-03   1.25e+00    0         1    186.60
    4      1.11e-05   1.00e+00   5.23e-05   5.06e-03    0         1    243.46
Finished, because...
Error smaller than 1 ( 5.0649E-03 ).

Accumulated times:
Assembly time:       88.99 s
Solve time:    154.24 s
Total time:    243.46 s

contact        voltage     electron current    hole current  conduction current
 backside_el -5.190E+01       1.922E-21        -1.571E-10       -1.571E-10
 implant_ele  0.000E+00       1.571E-10         3.747E-23        1.571E-10

Computing step from t=0.0518963 to t=0.0656462 (Stepsize: 0.0137499) :
Extrapolating values for t = 0.0656462 ... done.
Computing Coupled( 1 poisson-equation(s) , 1 electron-equation(s) , 
                   1 hole-equation(s) ) 
using Bank/Rose nonlinear solver.

Iteration   |Rhs|      factor     |step|     error   #inner  #iterative  time
------------------------------------------------------------------------------
    0      4.48e-01                                                     16.01
    1      5.38e+00   1.00e+00   2.67e+00   5.01e+02    0         1     72.92
    2      1.66e-01   1.00e+00   2.21e-01   3.58e+01    0         1    129.56
    3      6.73e-04   1.00e+00   1.39e-01   7.81e+00    0         1    186.35
    4      2.04e-05   1.00e+00   6.87e-03   4.07e-02    0         1    243.07
Finished, because...
Error smaller than 1 ( 4.0692E-02 ).

Accumulated times:
Assembly time:       88.76 s
Solve time:    154.08 s
Total time:    243.07 s

contact        voltage     electron current    hole current  conduction current
 backside_el -6.565E+01      -7.501E-17        -1.755E-10       -1.755E-10
 implant_ele  0.000E+00       1.755E-10         5.727E-19        1.755E-10

Computing step from t=0.0656462 to t=0.0830628 (Stepsize: 0.0174166) :
Extrapolating values for t = 0.0830628 ... done.
Computing Coupled( 1 poisson-equation(s) , 1 electron-equation(s) , 
                   1 hole-equation(s) ) 
using Bank/Rose nonlinear solver.

Iteration   |Rhs|      factor     |step|     error   #inner  #iterative  time
------------------------------------------------------------------------------
    0      1.02e+00                                                     16.02
    1      1.74e+01   1.00e+00   3.78e+00   4.66e+02    0         1     72.76
    2      1.47e-02   1.00e+00   2.02e-01   2.07e+01    0         1    129.70
    3      4.29e-05   1.00e+00   2.67e-02   8.86e-01    0         1    186.41
Finished, because...
Error smaller than 1 ( 8.8584E-01 ).

Accumulated times:
Assembly time:       70.63 s
Solve time:    115.57 s
Total time:    186.41 s

contact        voltage     electron current    hole current  conduction current
 backside_el -8.306E+01       2.337E-15        -1.944E-10       -1.944E-10
 implant_ele  0.000E+00       1.944E-10        -1.742E-17        1.944E-10

Computing step from t=0.0830628 to t=0.105898 (Stepsize: 0.0228351) :
Extrapolating values for t = 0.105898 ... done.
Computing Coupled( 1 poisson-equation(s) , 1 electron-equation(s) , 
                   1 hole-equation(s) ) 
using Bank/Rose nonlinear solver.

Iteration   |Rhs|      factor     |step|     error   #inner  #iterative  time
------------------------------------------------------------------------------
    0      3.09e+00                                                     15.99
    1      7.08e+01   1.00e+00   4.95e+00   5.58e+02    0         1     72.87
    2      5.04e-01   1.00e+00   2.84e-01   2.68e+01    0         1    129.72
    3      1.69e-04   1.00e+00   5.19e-02   1.25e+00    0         1    186.39
    4      4.23e-05   1.00e+00   8.86e-03   4.48e-01    0         1    243.26
Finished, because...
Error smaller than 1 ( 4.4778E-01 ).

Accumulated times:
Assembly time:       88.88 s
Solve time:    154.16 s
Total time:    243.26 s

contact        voltage     electron current    hole current  conduction current
 backside_el -1.059E+02       4.235E-17        -2.149E-10       -2.149E-10
 implant_ele  0.000E+00       2.149E-10         8.622E-20        2.149E-10

Computing step from t=0.105898 to t=0.134822 (Stepsize: 0.0289244) :
Extrapolating values for t = 0.134822 ... done.
Computing Coupled( 1 poisson-equation(s) , 1 electron-equation(s) , 
                   1 hole-equation(s) ) 
using Bank/Rose nonlinear solver.

Iteration   |Rhs|      factor     |step|     error   #inner  #iterative  time
------------------------------------------------------------------------------
    0      3.39e+00                                                     15.98
    1      2.07e+02   1.00e+00   6.07e+00   3.59e+04    0         1     72.78
    2      1.38e+01   1.00e+00   3.91e-01   3.72e+02    0         1    129.36
    3      4.29e+00   1.00e+00   3.12e-01   5.91e+01    0         1    186.02
    4      5.22e+00   1.00e+00   1.56e-01   6.99e+01    0         1    242.83
    5      6.10e-01   1.00e+00   1.63e-02   7.01e+01    0         1    299.68
    6      5.58e+00   1.00e+00   1.01e-02   1.03e+02    0         1    356.31
    7      8.06e-02   1.00e+00   6.19e-03   7.97e+01    0         1    413.15
    8      1.11e-02   1.00e+00   4.52e-03   1.20e+01    0         1    470.15
    9      4.90e-05   1.00e+00   8.40e-03   3.37e-01    0         1    526.97
Finished, because...
Error smaller than 1 ( 3.3679E-01 ).

Accumulated times:
Assembly time:      179.42 s
Solve time:    347.00 s
Total time:    526.97 s

contact        voltage     electron current    hole current  conduction current
 backside_el -1.348E+02      -4.196E-22        -2.369E-10       -2.369E-10
 implant_ele  0.000E+00       2.369E-10         2.184E-18        2.369E-10

Computing step from t=0.134822 to t=0.165032 (Stepsize: 0.0302099) :
Extrapolating values for t = 0.165032 ... done.
Computing Coupled( 1 poisson-equation(s) , 1 electron-equation(s) , 
                   1 hole-equation(s) ) 
using Bank/Rose nonlinear solver.

Iteration   |Rhs|      factor     |step|     error   #inner  #iterative  time
------------------------------------------------------------------------------
    0      2.66e+00                                                     15.96
    1      9.56e+01   1.00e+00   5.62e+00   1.76e+04    0         1     72.77
    2      2.87e+00   1.00e+00   3.25e-01   1.02e+02    0         1    129.45
    3      9.19e-02   1.00e+00   4.21e-01   2.06e+01    0         1    186.31
    4      4.83e-05   1.00e+00   9.16e-03   5.66e-01    0         1    243.20
Finished, because...
Error smaller than 1 ( 5.6589E-01 ).

Accumulated times:
Assembly time:       88.64 s
Solve time:    154.30 s
Total time:    243.20 s

contact        voltage     electron current    hole current  conduction current
 backside_el -1.650E+02       4.904E-19        -2.567E-10       -2.567E-10
 implant_ele  0.000E+00       2.567E-10         3.513E-18        2.567E-10

Computing step from t=0.165032 to t=0.203298 (Stepsize: 0.0382659) :
Extrapolating values for t = 0.203298 ... done.
Computing Coupled( 1 poisson-equation(s) , 1 electron-equation(s) , 
                   1 hole-equation(s) ) 
using Bank/Rose nonlinear solver.

Iteration   |Rhs|      factor     |step|     error   #inner  #iterative  time
------------------------------------------------------------------------------
    0      2.53e+00                                                     15.98
    1      4.14e+01   1.00e+00   6.38e+00   3.81e+04    0         1     72.77
    2      1.28e+01   1.00e+00   4.24e-01   8.25e+02    0         1    129.43
    3      5.10e+00   1.00e+00   3.61e-01   5.78e+01    0         1    186.09
    4      6.24e+00   1.00e+00   2.25e-01   6.91e+01    0         1    242.88
    5      1.20e-01   1.00e+00   1.46e-02   6.73e+01    0         1    299.45
    6      6.98e+00   1.00e+00   1.47e-02   1.03e+02    0         1    356.10
    7      1.03e-01   1.00e+00   9.94e-03   8.17e+01    0         1    412.89
    8      1.65e-02   1.00e+00   5.52e-03   1.34e+01    0         1    469.53
    9      4.56e-05   1.00e+00   7.57e-03   4.52e-01    0         1    526.29
Finished, because...
Error smaller than 1 ( 4.5232E-01 ).

Accumulated times:
Assembly time:      179.03 s
Solve time:    346.71 s
Total time:    526.29 s

contact        voltage     electron current    hole current  conduction current
 backside_el -2.033E+02      -7.989E-20        -2.786E-10       -2.786E-10
 implant_ele  0.000E+00       2.786E-10         4.415E-17        2.786E-10

Computing step from t=0.203298 to t=0.243265 (Stepsize: 0.0399666) :
Extrapolating values for t = 0.243265 ... done.
Computing Coupled( 1 poisson-equation(s) , 1 electron-equation(s) , 
                   1 hole-equation(s) ) 
using Bank/Rose nonlinear solver.

Iteration   |Rhs|      factor     |step|     error   #inner  #iterative  time
------------------------------------------------------------------------------
    0      2.56e+00                                                     15.97
    1      7.17e+01   1.00e+00   6.14e+00   3.85e+02    0         1     72.80
    2      8.00e-02   1.00e+00   4.05e-01   1.98e+01    0         1    129.57
    3      1.96e-04   1.00e+00   5.06e-02   1.93e+00    0         1    186.49
    4      8.15e-05   1.00e+00   3.87e-03   3.99e-03    0         1    243.35
Finished, because...
Error smaller than 1 ( 3.9924E-03 ).

Accumulated times:
Assembly time:       88.88 s
Solve time:    154.22 s
Total time:    243.35 s

contact        voltage     electron current    hole current  conduction current
 backside_el -2.433E+02       2.424E-21        -2.985E-10       -2.985E-10
 implant_ele  0.000E+00       2.985E-10        -9.318E-19        2.985E-10

Computing step from t=0.243265 to t=0.283265 (Stepsize: 0.04) :
Extrapolating values for t = 0.283265 ... done.
Computing Coupled( 1 poisson-equation(s) , 1 electron-equation(s) , 
                   1 hole-equation(s) ) 
using Bank/Rose nonlinear solver.

Iteration   |Rhs|      factor     |step|     error   #inner  #iterative  time
------------------------------------------------------------------------------
    0      2.30e+00                                                     15.95
    1      2.22e+01   1.00e+00   5.36e+00   2.76e+02    0         1     72.85
    2      2.28e-02   1.00e+00   3.35e-01   1.11e+01    0         1    129.64
    3      8.22e-05   1.00e+00   2.54e-02   2.65e-01    0         1    186.62
Finished, because...
Error smaller than 1 ( 2.6512E-01 ).

Accumulated times:
Assembly time:       70.70 s
Solve time:    115.72 s
Total time:    186.62 s

contact        voltage     electron current    hole current  conduction current
 backside_el -2.833E+02       7.380E-18        -3.160E-10       -3.160E-10
 implant_ele  0.000E+00       3.160E-10         4.093E-16        3.160E-10

Computing step from t=0.283265 to t=0.323265 (Stepsize: 0.04) :
Extrapolating values for t = 0.323265 ... done.
Computing Coupled( 1 poisson-equation(s) , 1 electron-equation(s) , 
                   1 hole-equation(s) ) 
using Bank/Rose nonlinear solver.

Iteration   |Rhs|      factor     |step|     error   #inner  #iterative  time
------------------------------------------------------------------------------
    0      1.98e+00                                                     15.99
    1      5.04e+01   1.00e+00   4.96e+00   3.19e+02    0         1     72.89
    2      1.28e-01   1.00e+00   2.84e-01   2.13e+01    0         1    129.88
    3      1.01e-04   1.00e+00   2.46e-02   4.94e-01    0         1    186.74
Finished, because...
Error smaller than 1 ( 4.9384E-01 ).

Accumulated times:
Assembly time:       70.74 s
Solve time:    115.81 s
Total time:    186.74 s

contact        voltage     electron current    hole current  conduction current
 backside_el -3.233E+02       1.286E-16        -3.318E-10       -3.318E-10
 implant_ele  0.000E+00       3.318E-10         5.221E-16        3.318E-10

Computing step from t=0.323265 to t=0.363265 (Stepsize: 0.04) :
Extrapolating values for t = 0.363265 ... done.
Computing Coupled( 1 poisson-equation(s) , 1 electron-equation(s) , 
                   1 hole-equation(s) ) 
using Bank/Rose nonlinear solver.

Iteration   |Rhs|      factor     |step|     error   #inner  #iterative  time
------------------------------------------------------------------------------
    0      1.71e+00                                                     16.00
    1      5.35e+01   1.00e+00   5.04e+00   2.04e+03    0         1     72.85
    2      9.32e+00   1.00e+00   2.44e-01   2.23e+02    0         1    129.71
    3      1.77e-01   1.00e+00   4.64e-02   8.72e+00    0         1    186.34
    4      8.59e-05   1.00e+00   1.31e-02   7.29e-01    0         1    243.13
Finished, because...
Error smaller than 1 ( 7.2885E-01 ).

Accumulated times:
Assembly time:       88.84 s
Solve time:    154.04 s
Total time:    243.13 s

contact        voltage     electron current    hole current  conduction current
 backside_el -3.633E+02       7.370E-17        -3.464E-10       -3.464E-10
 implant_ele  0.000E+00       3.464E-10        -3.001E-17        3.464E-10

Computing step from t=0.363265 to t=0.403265 (Stepsize: 0.04) :
Extrapolating values for t = 0.403265 ... done.
Computing Coupled( 1 poisson-equation(s) , 1 electron-equation(s) , 
                   1 hole-equation(s) ) 
using Bank/Rose nonlinear solver.

Iteration   |Rhs|      factor     |step|     error   #inner  #iterative  time
------------------------------------------------------------------------------
    0      1.47e+00                                                     16.00
    1      8.96e+00   1.00e+00   5.58e+00   2.44e+02    0         1     72.88
    2      2.15e-02   1.00e+00   2.01e-01   3.12e+01    0         1    129.81
    3      1.39e-03   1.00e+00   8.21e-02   2.25e+00    0         1    186.74
    4      8.38e-05   1.00e+00   5.70e-04   1.29e-02    0         1    243.62
Finished, because...
Error smaller than 1 ( 1.2864E-02 ).

Accumulated times:
Assembly time:       89.01 s
Solve time:    154.37 s
Total time:    243.62 s

contact        voltage     electron current    hole current  conduction current
 backside_el -4.033E+02       7.777E-20        -3.605E-10       -3.605E-10
 implant_ele  0.000E+00       3.605E-10        -4.458E-17        3.605E-10

Computing step from t=0.403265 to t=0.443265 (Stepsize: 0.04) :
Extrapolating values for t = 0.443265 ... done.
Computing Coupled( 1 poisson-equation(s) , 1 electron-equation(s) , 
                   1 hole-equation(s) ) 
using Bank/Rose nonlinear solver.

Iteration   |Rhs|      factor     |step|     error   #inner  #iterative  time
------------------------------------------------------------------------------
    0      1.24e+00                                                     16.01
    1      1.89e+01   1.00e+00   6.33e+00   2.11e+02    0         1     72.81
    2      4.39e-02   1.00e+00   2.14e-01   1.12e+01    0         1    129.76
    3      1.01e-02   1.00e+00   2.37e-01   5.92e+00    0         1    186.67
    4      1.61e-04   1.00e+00   5.72e-03   1.26e-01    0         1    243.54
Finished, because...
Error smaller than 1 ( 1.2564E-01 ).

Accumulated times:
Assembly time:       88.99 s
Solve time:    154.29 s
Total time:    243.54 s

contact        voltage     electron current    hole current  conduction current
 backside_el -4.433E+02       9.225E-18        -3.745E-10       -3.745E-10
 implant_ele  0.000E+00       3.745E-10         2.553E-16        3.745E-10

Computing step from t=0.443265 to t=0.483265 (Stepsize: 0.04) :
Extrapolating values for t = 0.483265 ... done.
Computing Coupled( 1 poisson-equation(s) , 1 electron-equation(s) , 
                   1 hole-equation(s) ) 
using Bank/Rose nonlinear solver.

Iteration   |Rhs|      factor     |step|     error   #inner  #iterative  time
------------------------------------------------------------------------------
    0      1.02e+00                                                     16.00
    1      4.98e+01   1.00e+00   6.97e+00   3.00e+02    0         1     72.84
    2      6.72e-01   1.00e+00   3.07e-01   9.96e+00    0         1    129.73
    3      1.87e-02   1.00e+00   3.68e-01   8.82e+00    0         1    186.52
    4      4.90e-03   1.00e+00   1.12e-01   4.02e+00    0         1    243.30
    5      1.45e-04   1.00e+00   4.52e-03   1.21e-01    0         1    300.09
Finished, because...
Error smaller than 1 ( 1.2099E-01 ).

Accumulated times:
Assembly time:      107.17 s
Solve time:    192.63 s
Total time:    300.09 s

contact        voltage     electron current    hole current  conduction current
 backside_el -4.833E+02       7.163E-18        -3.887E-10       -3.887E-10
 implant_ele  0.000E+00       3.887E-10        -4.667E-17        3.887E-10

Computing step from t=0.483265 to t=0.5 (Stepsize: 0.0167352) :
Extrapolating values for t = 0.5 ... done.
Computing Coupled( 1 poisson-equation(s) , 1 electron-equation(s) , 
                   1 hole-equation(s) ) 
using Bank/Rose nonlinear solver.

Iteration   |Rhs|      factor     |step|     error   #inner  #iterative  time
------------------------------------------------------------------------------
    0      2.52e-01                                                     16.00
    1      1.72e+01   1.00e+00   2.22e+00   1.82e+02    0         1     72.78
    2      3.97e-02   1.00e+00   9.29e-02   1.18e+01    0         1    129.59
    3      1.57e-04   1.00e+00   4.68e-02   1.26e+00    0         1    186.36
    4      1.61e-04   1.00e+00   1.07e-02   3.42e-01    0         1    243.20
Finished, because...
Error smaller than 1 ( 3.4191E-01 ).

Accumulated times:
Assembly time:       89.03 s
Solve time:    153.89 s
Total time:    243.20 s

contact        voltage     electron current    hole current  conduction current
 backside_el -5.000E+02       4.337E-17        -3.947E-10       -3.947E-10
 implant_ele  0.000E+00       3.947E-10        -1.667E-16        3.947E-10


Plot started:
Saving device '':
    Writing plot 'n56_quasi_0000_des.tdr' (TDR format) ... done.
Saving circuit:
    Writing 'n56_quasi_0000_circuit_des.sav' ... done.
Plot finished.

Computing step from t=0.5 to t=0.54 (Stepsize: 0.04) :
Extrapolating values for t = 0.54 ... done.
Computing Coupled( 1 poisson-equation(s) , 1 electron-equation(s) , 
                   1 hole-equation(s) ) 
using Bank/Rose nonlinear solver.

Iteration   |Rhs|      factor     |step|     error   #inner  #iterative  time
------------------------------------------------------------------------------
    0      5.69e-01                                                     16.07
    1      6.93e+00   1.00e+00   5.31e+00   6.78e+03    0         1     72.98
    2      2.08e+00   1.00e+00   4.27e-01   7.23e+01    0         1    129.78
    3      1.32e-01   1.00e+00   5.22e-01   1.12e+02    0         1    186.63
    4      1.03e+00   1.00e+00   7.43e-02   8.54e+01    0         1    243.58
    5      7.36e-03   1.00e+00   7.20e-02   3.35e+01    0         1    300.45
    6      4.77e-03   1.00e+00   8.33e-02   3.73e+00    0         1    357.27
    7      1.59e-04   1.00e+00   5.57e-05   1.76e-02    0         1    414.16
Finished, because...
Error smaller than 1 ( 1.7591E-02 ).

Accumulated times:
Assembly time:      143.89 s
Solve time:    269.81 s
Total time:    414.16 s

contact        voltage     electron current    hole current  conduction current
 backside_el -5.400E+02       4.254E-22        -4.092E-10       -4.092E-10
 implant_ele  0.000E+00       4.092E-10        -1.555E-16        4.092E-10

Computing step from t=0.54 to t=0.58 (Stepsize: 0.04) :
Extrapolating values for t = 0.58 ... done.
Computing Coupled( 1 poisson-equation(s) , 1 electron-equation(s) , 
                   1 hole-equation(s) ) 
using Bank/Rose nonlinear solver.

Iteration   |Rhs|      factor     |step|     error   #inner  #iterative  time
------------------------------------------------------------------------------
    0      6.62e-01                                                     16.02
    1      1.22e+01   1.00e+00   7.44e+00   2.45e+02    0         1     72.89
    2      2.64e-02   1.00e+00   5.95e-01   2.17e+01    0         1    129.76
    3      1.98e-01   1.00e+00   9.09e-01   3.27e+01    0         1    186.43
    4      1.79e-04   1.00e+00   8.08e-02   8.54e-01    0         1    243.31
Finished, because...
Error smaller than 1 ( 8.5390E-01 ).

Accumulated times:
Assembly time:       88.99 s
Solve time:    154.07 s
Total time:    243.31 s

contact        voltage     electron current    hole current  conduction current
 backside_el -5.800E+02       5.397E-17        -4.238E-10       -4.238E-10
 implant_ele  0.000E+00       4.238E-10        -6.012E-15        4.238E-10

Computing step from t=0.58 to t=0.6 (Stepsize: 0.02) :
Extrapolating values for t = 0.6 ... done.
Computing Coupled( 1 poisson-equation(s) , 1 electron-equation(s) , 
                   1 hole-equation(s) ) 
using Bank/Rose nonlinear solver.

Iteration   |Rhs|      factor     |step|     error   #inner  #iterative  time
------------------------------------------------------------------------------
    0      2.11e-01                                                     16.03
    1      2.53e+00   1.00e+00   2.83e+00   1.21e+02    0         1     72.93
    2      9.42e-03   1.00e+00   1.72e-01   8.99e+00    0         1    129.78
    3      1.11e-03   1.00e+00   1.39e-01   6.08e+00    0         1    186.76
    4      1.77e-04   1.00e+00   1.27e-03   5.44e-02    0         1    243.68
Finished, because...
Error smaller than 1 ( 5.4388E-02 ).

Accumulated times:
Assembly time:       89.17 s
Solve time:    154.27 s
Total time:    243.68 s

contact        voltage     electron current    hole current  conduction current
 backside_el -6.000E+02       7.763E-19        -4.312E-10       -4.312E-10
 implant_ele  0.000E+00       4.312E-10        -3.437E-16        4.312E-10


Plot started:
Saving device '':
    Writing plot 'n56_quasi_0001_des.tdr' (TDR format) ... done.
Saving circuit:
    Writing 'n56_quasi_0001_circuit_des.sav' ... done.
Plot finished.

Computing step from t=0.6 to t=0.64 (Stepsize: 0.04) :
Extrapolating values for t = 0.64 ... done.
Computing Coupled( 1 poisson-equation(s) , 1 electron-equation(s) , 
                   1 hole-equation(s) ) 
using Bank/Rose nonlinear solver.

Iteration   |Rhs|      factor     |step|     error   #inner  #iterative  time
------------------------------------------------------------------------------
    0      3.50e-01                                                     16.07
    1      5.22e+00   1.00e+00   5.40e+00   3.20e+02    0         1     72.93
    2      1.83e-01   1.00e+00   8.91e-01   4.84e+01    0         1    129.77
    3      2.11e-01   1.00e+00   9.35e-01   5.23e+01    0         1    186.62
    4      1.65e-04   1.00e+00   3.78e-03   1.28e-01    0         1    243.57
Finished, because...
Error smaller than 1 ( 1.2842E-01 ).

Accumulated times:
Assembly time:       89.01 s
Solve time:    154.29 s
Total time:    243.57 s

contact        voltage     electron current    hole current  conduction current
 backside_el -6.400E+02       2.714E-18        -4.459E-10       -4.459E-10
 implant_ele  0.000E+00       4.459E-10        -8.883E-15        4.459E-10

Computing step from t=0.64 to t=0.68 (Stepsize: 0.04) :
Extrapolating values for t = 0.68 ... done.
Computing Coupled( 1 poisson-equation(s) , 1 electron-equation(s) , 
                   1 hole-equation(s) ) 
using Bank/Rose nonlinear solver.

Iteration   |Rhs|      factor     |step|     error   #inner  #iterative  time
------------------------------------------------------------------------------
    0      3.54e-01                                                     15.99
    1      6.44e+00   1.00e+00   6.99e+00   8.78e+02    0         1     72.90
    2      4.29e-01   1.00e+00   1.32e+00   1.16e+02    0         1    129.59
    3      5.14e-01   1.00e+00   1.43e+00   1.27e+02    0         1    186.46
    4      2.47e-04   1.00e+00   1.48e-02   4.74e-01    0         1    243.09
Finished, because...
Error smaller than 1 ( 4.7404E-01 ).

Accumulated times:
Assembly time:       88.55 s
Solve time:    154.27 s
Total time:    243.09 s

contact        voltage     electron current    hole current  conduction current
 backside_el -6.800E+02       6.296E-16        -4.604E-10       -4.604E-10
 implant_ele  0.000E+00       4.604E-10         4.854E-15        4.604E-10

Computing step from t=0.68 to t=0.7 (Stepsize: 0.02) :
Extrapolating values for t = 0.7 ... done.
Computing Coupled( 1 poisson-equation(s) , 1 electron-equation(s) , 
                   1 hole-equation(s) ) 
using Bank/Rose nonlinear solver.

Iteration   |Rhs|      factor     |step|     error   #inner  #iterative  time
------------------------------------------------------------------------------
    0      1.02e-01                                                     15.98
    1      5.98e-01   1.00e+00   2.52e+00   9.35e+02    0         1     72.77
    2      1.81e-03   1.00e+00   5.83e-02   2.10e+01    0         1    129.44
    3      2.41e-03   1.00e+00   4.44e-02   3.15e+00    0         1    186.31
    4      1.62e-04   1.00e+00   6.75e-03   6.43e-03    0         1    243.11
Finished, because...
Error smaller than 1 ( 6.4287E-03 ).

Accumulated times:
Assembly time:       88.82 s
Solve time:    154.03 s
Total time:    243.11 s

contact        voltage     electron current    hole current  conduction current
 backside_el -7.000E+02       8.012E-22        -4.676E-10       -4.676E-10
 implant_ele  0.000E+00       4.676E-10        -5.638E-16        4.676E-10


Plot started:
Saving device '':
    Writing plot 'n56_quasi_0002_des.tdr' (TDR format) ... done.
Saving circuit:
    Writing 'n56_quasi_0002_circuit_des.sav' ... done.
Plot finished.

Computing step from t=0.7 to t=0.74 (Stepsize: 0.04) :
Extrapolating values for t = 0.74 ... done.
Computing Coupled( 1 poisson-equation(s) , 1 electron-equation(s) , 
                   1 hole-equation(s) ) 
using Bank/Rose nonlinear solver.

Iteration   |Rhs|      factor     |step|     error   #inner  #iterative  time
------------------------------------------------------------------------------
    0      1.58e-01                                                     16.00
    1      2.92e+00   1.00e+00   4.91e+00   1.36e+05    0         1     72.86
    2      1.51e+00   1.00e+00   3.45e-01   1.93e+03    0         1    129.49
    3      4.46e-01   1.00e+00   5.11e-01   8.60e+02    0         1    186.10
    4      1.10e-02   1.00e+00   1.33e-01   2.61e+02    0         1    242.73
    5      1.45e-04   1.00e+00   2.00e-02   8.54e+00    0         1    299.58
    6      1.59e-04   1.00e+00   2.68e-03   3.32e-02    0         1    356.28
Finished, because...
Error smaller than 1 ( 3.3231E-02 ).

Accumulated times:
Assembly time:      124.73 s
Solve time:    231.17 s
Total time:    356.28 s

contact        voltage     electron current    hole current  conduction current
 backside_el -7.400E+02       2.200E-17        -4.817E-10       -4.817E-10
 implant_ele  0.000E+00       4.817E-10        -6.593E-16        4.817E-10

Computing step from t=0.74 to t=0.78 (Stepsize: 0.04) :
Extrapolating values for t = 0.78 ... done.
Computing Coupled( 1 poisson-equation(s) , 1 electron-equation(s) , 
                   1 hole-equation(s) ) 
using Bank/Rose nonlinear solver.

Iteration   |Rhs|      factor     |step|     error   #inner  #iterative  time
------------------------------------------------------------------------------
    0      1.53e-01                                                     15.99
    1      1.51e+01   1.00e+00   6.92e+00   2.17e+05    0         1     72.75
    2      1.54e+01   1.00e+00   2.02e+00   4.77e+04    0         1    129.58
    3      6.15e+00   1.00e+00   9.05e-01   7.16e+03    0         1    186.16
    4      1.83e+00   1.00e+00   1.08e+00   1.82e+04    0         1    242.84
    5      7.77e+00   1.00e+00   2.11e-01   3.39e+03    0         1    299.52
    6      7.93e+01   1.00e+00   2.98e-01   5.40e+03    0         1    356.26
    7      1.09e+01   1.00e+00   1.35e-01   2.92e+03    0         1    413.60
    8      1.73e+01   1.00e+00   1.26e-01   2.42e+03    0         1    470.31
    9      2.06e+00   1.00e+00   3.50e-02   8.38e+02    0         1    527.00
   10      1.11e-01   1.00e+00   1.83e-02   1.80e+02    0         1    583.82
   11      1.72e-04   1.00e+00   1.60e-02   4.70e+00    0         1    640.42
   12      1.72e-04   1.00e+00   4.50e-04   2.34e-01    0         1    697.39
Finished, because...
Error smaller than 1 ( 2.3379E-01 ).

Accumulated times:
Assembly time:      234.19 s
Solve time:    462.47 s
Total time:    697.39 s

contact        voltage     electron current    hole current  conduction current
 backside_el -7.800E+02       3.367E-23        -4.953E-10       -4.953E-10
 implant_ele  0.000E+00       4.953E-10        -7.843E-16        4.953E-10

Computing step from t=0.78 to t=0.8 (Stepsize: 0.02) :
Extrapolating values for t = 0.8 ... done.
Computing Coupled( 1 poisson-equation(s) , 1 electron-equation(s) , 
                   1 hole-equation(s) ) 
using Bank/Rose nonlinear solver.

Iteration   |Rhs|      factor     |step|     error   #inner  #iterative  time
------------------------------------------------------------------------------
    0      6.37e-02                                                     16.00
    1      2.15e+01   1.00e+00   2.61e+00   9.70e+04    0         1     72.84
    2      8.92e+00   1.00e+00   5.41e-01   2.68e+04    0         1    129.40
    3      3.11e+00   1.00e+00   5.73e-01   1.41e+04    0         1    186.15
    4      5.68e+01   1.00e+00   2.74e-01   5.44e+03    0         1    242.73
    5      9.51e+00   1.00e+00   8.33e-02   1.66e+03    0         1    299.63
    6      4.65e+01   1.00e+00   1.69e-01   3.27e+03    0         1    356.33
    7      7.77e+00   1.00e+00   1.12e-01   2.01e+03    0         1    413.00
    8      7.02e+00   1.00e+00   5.95e-02   1.22e+03    0         1    469.66
    9      3.75e-01   1.00e+00   2.99e-02   2.54e+02    0         1    526.50
   10      3.91e-02   1.00e+00   2.78e-02   2.60e+01    0         1    583.13
   11      1.52e-04   1.00e+00   8.03e-04   1.27e+00    0         1    639.90
   12      1.52e-04   1.00e+00   1.21e-06   3.17e-03    0         1    696.78
Finished, because...
Error smaller than 1 ( 3.1716E-03 ).

Accumulated times:
Assembly time:      233.44 s
Solve time:    462.58 s
Total time:    696.78 s

contact        voltage     electron current    hole current  conduction current
 backside_el -8.000E+02      -3.224E-22        -5.019E-10       -5.019E-10
 implant_ele  0.000E+00       5.019E-10        -8.339E-16        5.019E-10


Plot started:
Saving device '':
    Writing plot 'n56_quasi_0003_des.tdr' (TDR format) ... done.
Saving circuit:
    Writing 'n56_quasi_0003_circuit_des.sav' ... done.
Plot finished.

Computing step from t=0.8 to t=0.84 (Stepsize: 0.04) :
Extrapolating values for t = 0.84 ... done.
Computing Coupled( 1 poisson-equation(s) , 1 electron-equation(s) , 
                   1 hole-equation(s) ) 
using Bank/Rose nonlinear solver.

Iteration   |Rhs|      factor     |step|     error   #inner  #iterative  time
------------------------------------------------------------------------------
    0      1.05e-01                                                     16.00
    1      2.19e+01   1.00e+00   5.14e+00   2.33e+05    0         1     72.86
    2      8.76e+00   1.00e+00   9.65e-01   8.92e+03    0         1    129.49
    3      5.33e+00   1.00e+00   6.91e-01   1.44e+04    0         1    186.25
    4      4.50e+01   1.00e+00   3.38e-01   4.30e+03    0         1    243.16
    5      4.44e+01   1.00e+00   1.46e-01   1.99e+03    0         1    299.89
    6      3.70e+01   1.00e+00   1.32e-01   2.08e+03    0         1    356.54
    7      2.49e+00   1.00e+00   8.25e-02   1.03e+03    0         1    413.30
    8      3.66e-01   1.00e+00   2.36e-02   4.27e+02    0         1    470.13
    9      3.77e-03   1.00e+00   1.25e-02   5.37e+01    0         1    527.04
   10      1.83e-04   1.00e+00   1.15e-02   7.03e-01    0         1    583.85
Finished, because...
Error smaller than 1 ( 7.0278E-01 ).

Accumulated times:
Assembly time:      197.04 s
Solve time:    386.13 s
Total time:    583.85 s

contact        voltage     electron current    hole current  conduction current
 backside_el -8.400E+02       2.836E-16        -5.146E-10       -5.146E-10
 implant_ele  0.000E+00       5.146E-10        -9.723E-16        5.146E-10

Computing step from t=0.84 to t=0.88 (Stepsize: 0.04) :
Extrapolating values for t = 0.88 ... done.
Computing Coupled( 1 poisson-equation(s) , 1 electron-equation(s) , 
                   1 hole-equation(s) ) 
using Bank/Rose nonlinear solver.

Iteration   |Rhs|      factor     |step|     error   #inner  #iterative  time
------------------------------------------------------------------------------
    0      9.20e-02                                                     16.03
    1      2.52e+01   1.00e+00   6.67e+00   2.20e+05    0         1     72.89
    2      1.15e+01   1.00e+00   7.37e-01   2.27e+04    0         1    129.60
    3      8.26e+00   1.00e+00   7.12e-01   1.43e+04    0         1    186.39
    4      3.02e+01   1.00e+00   2.44e-01   3.64e+03    0         1    242.97
    5      2.98e+01   1.00e+00   1.23e-01   2.27e+03    0         1    299.69
    6      2.05e+01   1.00e+00   1.27e-01   1.96e+03    0         1    356.46
    7      2.96e+00   1.00e+00   8.36e-02   1.09e+03    0         1    413.14
    8      8.97e-01   1.00e+00   2.64e-02   5.36e+02    0         1    469.95
    9      3.25e-02   1.00e+00   1.85e-02   8.07e+01    0         1    526.79
   10      3.10e-04   1.00e+00   1.74e-02   2.81e+00    0         1    583.61
   11      3.30e-04   1.00e+00   4.73e-04   1.10e-01    0         1    640.44
Finished, because...
Error smaller than 1 ( 1.0958E-01 ).

Accumulated times:
Assembly time:      215.38 s
Solve time:    424.37 s
Total time:    640.44 s

contact        voltage     electron current    hole current  conduction current
 backside_el -8.800E+02       1.284E-20        -5.267E-10       -5.267E-10
 implant_ele  0.000E+00       5.267E-10        -1.026E-15        5.267E-10

Computing step from t=0.88 to t=0.9 (Stepsize: 0.02) :
Extrapolating values for t = 0.9 ... done.
Computing Coupled( 1 poisson-equation(s) , 1 electron-equation(s) , 
                   1 hole-equation(s) ) 
using Bank/Rose nonlinear solver.

Iteration   |Rhs|      factor     |step|     error   #inner  #iterative  time
------------------------------------------------------------------------------
    0      6.59e-02                                                     15.99
    1      1.38e+01   1.00e+00   2.49e+00   5.28e+04    0         1     72.94
    2      5.95e+00   1.00e+00   1.62e-01   3.18e+03    0         1    129.64
    3      6.36e+00   1.00e+00   1.84e-01   2.80e+03    0         1    186.34
    4      1.42e+01   1.00e+00   1.02e-01   1.22e+03    0         1    242.95
    5      4.56e+00   1.00e+00   5.28e-02   8.43e+02    0         1    299.63
    6      2.37e+00   1.00e+00   3.35e-02   4.18e+02    0         1    356.29
    7      5.05e-01   1.00e+00   2.80e-02   1.90e+02    0         1    412.89
    8      5.26e-03   1.00e+00   3.23e-03   2.06e+01    0         1    469.83
    9      3.29e-04   1.00e+00   1.10e-05   3.48e-01    0         1    526.73
Finished, because...
Error smaller than 1 ( 3.4790E-01 ).

Accumulated times:
Assembly time:      179.02 s
Solve time:    347.12 s
Total time:    526.73 s

contact        voltage     electron current    hole current  conduction current
 backside_el -9.000E+02      -5.953E-22        -5.325E-10       -5.325E-10
 implant_ele  0.000E+00       5.325E-10        -1.073E-15        5.325E-10


Plot started:
Saving device '':
    Writing plot 'n56_quasi_0004_des.tdr' (TDR format) ... done.
Saving circuit:
    Writing 'n56_quasi_0004_circuit_des.sav' ... done.
Plot finished.

Computing step from t=0.9 to t=0.94 (Stepsize: 0.04) :
Extrapolating values for t = 0.94 ... done.
Computing Coupled( 1 poisson-equation(s) , 1 electron-equation(s) , 
                   1 hole-equation(s) ) 
using Bank/Rose nonlinear solver.

Iteration   |Rhs|      factor     |step|     error   #inner  #iterative  time
------------------------------------------------------------------------------
    0      1.05e-01                                                     15.99
    1      1.40e+01   1.00e+00   4.90e+00   1.16e+05    0         1     72.82
    2      2.07e+01   1.00e+00   5.19e-01   3.63e+04    0         1    129.48
    3      6.82e+00   1.00e+00   5.60e-01   7.79e+03    0         1    186.08
    4      3.58e+01   1.00e+00   1.53e-01   3.33e+03    0         1    242.67
    5      2.17e+01   1.00e+00   1.97e-01   2.86e+03    0         1    299.42
    6      6.63e+01   1.00e+00   1.87e-01   1.57e+03    0         1    356.10
    7      1.16e+01   1.00e+00   1.30e-01   6.56e+02    0         1    412.82
    8      1.19e+00   1.00e+00   5.92e-02   2.00e+02    0         1    469.57
    9      1.10e-02   1.00e+00   1.89e-02   2.91e+01    0         1    526.55
   10      3.59e-04   1.00e+00   1.52e-02   2.70e-01    0         1    583.67
Finished, because...
Error smaller than 1 ( 2.7017E-01 ).

Accumulated times:
Assembly time:      196.94 s
Solve time:    386.13 s
Total time:    583.67 s

contact        voltage     electron current    hole current  conduction current
 backside_el -9.400E+02      -2.108E-17        -5.435E-10       -5.435E-10
 implant_ele  0.000E+00       5.435E-10        -1.157E-15        5.435E-10

Computing step from t=0.94 to t=0.98 (Stepsize: 0.04) :
Extrapolating values for t = 0.98 ... done.
Computing Coupled( 1 poisson-equation(s) , 1 electron-equation(s) , 
                   1 hole-equation(s) ) 
using Bank/Rose nonlinear solver.

Iteration   |Rhs|      factor     |step|     error   #inner  #iterative  time
------------------------------------------------------------------------------
    0      9.16e-02                                                     16.01
    1      2.31e+01   1.00e+00   6.29e+00   1.34e+05    0         1     72.89
    2      1.48e+01   1.00e+00   3.39e-01   2.75e+04    0         1    129.64
    3      1.33e+01   1.00e+00   5.12e-01   7.89e+03    0         1    186.30
    4      5.69e+01   1.00e+00   1.56e-01   3.53e+03    0         1    242.99
    5      1.46e+01   1.00e+00   1.90e-01   2.82e+03    0         1    299.62
    6      7.80e+01   1.00e+00   2.04e-01   1.38e+03    0         1    356.29
    7      3.10e+00   1.00e+00   1.35e-01   7.32e+02    0         1    413.01
    8      3.08e+00   1.00e+00   4.80e-02   3.58e+02    0         1    469.81
    9      7.79e-02   1.00e+00   9.45e-03   6.76e+01    0         1    526.52
   10      5.10e-03   1.00e+00   1.18e-03   1.53e+01    0         1    583.59
   11      3.40e-04   1.00e+00   5.43e-06   1.83e-01    0         1    640.48
Finished, because...
Error smaller than 1 ( 1.8350E-01 ).

Accumulated times:
Assembly time:      215.39 s
Solve time:    424.37 s
Total time:    640.48 s

contact        voltage     electron current    hole current  conduction current
 backside_el -9.800E+02      -4.803E-22        -5.538E-10       -5.538E-10
 implant_ele  0.000E+00       5.538E-10        -1.247E-15        5.538E-10

Computing step from t=0.98 to t=1 (Stepsize: 0.02) :
Extrapolating values for t = 1 ... done.
Computing Coupled( 1 poisson-equation(s) , 1 electron-equation(s) , 
                   1 hole-equation(s) ) 
using Bank/Rose nonlinear solver.

Iteration   |Rhs|      factor     |step|     error   #inner  #iterative  time
------------------------------------------------------------------------------
    0      6.07e-02                                                     16.02
    1      1.38e+01   1.00e+00   2.20e+00   2.83e+04    0         1     72.87
    2      3.25e+00   1.00e+00   6.04e-02   1.45e+03    0         1    129.72
    3      1.25e+01   1.00e+00   1.01e-01   1.28e+03    0         1    186.52
    4      4.77e-01   1.00e+00   4.81e-02   4.34e+02    0         1    243.16
    5      4.02e-01   1.00e+00   2.21e-02   2.27e+02    0         1    300.17
    6      2.66e-03   1.00e+00   8.90e-03   2.45e+01    0         1    357.10
    7      3.05e-04   1.00e+00   6.84e-03   6.50e-01    0         1    413.98
Finished, because...
Error smaller than 1 ( 6.4991E-01 ).

Accumulated times:
Assembly time:      143.50 s
Solve time:    270.06 s
Total time:    413.98 s

contact        voltage     electron current    hole current  conduction current
 backside_el -1.000E+03       1.736E-19        -5.587E-10       -5.587E-10
 implant_ele  0.000E+00       5.587E-10        -1.288E-15        5.587E-10


Plot started:
Saving device '':
    Writing plot 'n56_quasi_0005_des.tdr' (TDR format) ... done.
Saving circuit:
    Writing 'n56_quasi_0005_circuit_des.sav' ... done.
Plot finished.


Finished, because...
Curve trace finished.

Writing plot 'n56_des.tdr' (TDR format) ... done.

Fri Jul  5 14:40:29 2024: checked in 1 sdevice-3d license(s)
Fri Jul  5 14:40:29 2024: checked in 1 sdevice-traps license(s)
Fri Jul  5 14:40:29 2024: checked in 1 sdevice license(s)

******************************************************************************
Sentaurus Device peak memory usage: 15.41 gigabytes
Sentaurus Device simulation times:
  wallclock: 14732.15 s (4 h:05 m:32 s)
  total cpu: 14702.96 s (4 h:05 m:02 s)
Sentaurus Device simulation finished (Date: Fri Jul  5 14:40:29 2024  (CDT)).
********************************* Good Bye ! *********************************
