Enabling MESA because GLX was not detected.
Using Mesa version 20.

****************************************************************************
***                           Sentaurus Visual                           ***
***                           Version V-2024.03                          ***
***                      (3.8727837, x86_64, Linux)                      ***
***                                                                      ***
***                        Copyright (c) 2012-2024                       ***
***                            Synopsys, Inc.                            ***
***  This software and the associated documentation are confidential     ***
***  and proprietary to Synopsys, Inc.  Your use or disclosure of this   ***
***  software is subject to the terms and conditions of a written        ***
***  license agreement between you, or your company, and Synopsys, Inc.  ***
****************************************************************************

Compiled Tue Feb 13 13:27:06 PST 2024 on sce-tcad-build01

Datexcodes: Found and Loaded at: '/code/Synopsys/tcad_sentaurus_vV-2024.03/sentaurus/current/bin/../tcad/current/lib/datexcodes.txt'.
Datexcodes: Found and Loaded at: '/code/Synopsys/tcad_sentaurus_vV-2024.03/sentaurus/current/tcad/current/lib/datexcodes.txt'.
Multithreading will use 1 threads.
Tcl-Library: path added: '/code/Synopsys/tcad_sentaurus_vV-2024.03/sentaurus/current/bin/../tcad/current/lib/svisuallib'.
Tcl-Library: path added: '/home/aknicholas/svisuallib'.
Loading Custom Buttons interface ... version 45
Loading Extraction Library Version 2.3
Loading Internal Library Version 0.7
Loading Physical Constants Library Version 0.4
Loading IFM Data Post-Processing Library Version 1.3.0
Loading RF Parameter Extraction Library Version 1.0.2
Tcl-Library: files successfully loaded: '6'.
